---------------------------------------------------------------
[ 2018-04-12T12:26:17+08:00 ] 0.0.0.0 GET /cygw/public/admin/index/index
[ info ] localhost:9096/cygw/public/admin/index/index [运行时间：0.489028s][吞吐率：2.04req/s] [内存消耗：1,354.04kb] [文件加载：39]
[ info ] [ LANG ] D:\phpStudy\WWW\cygw\thinkphp\lang\zh-cn.php
[ info ] [ ROUTE ] array (
  'type' => 'module',
  'module' => 
  array (
    0 => 'admin',
    1 => 'index',
    2 => 'index',
  ),
)
[ info ] [ HEADER ] array (
  'host' => 'localhost:9096',
  'connection' => 'keep-alive',
  'upgrade-insecure-requests' => '1',
  'user-agent' => 'Mozilla/5.0 (Windows NT 6.1; Win64; x64) AppleWebKit/537.36 (KHTML, like Gecko) Chrome/65.0.3325.181 Safari/537.36',
  'accept' => 'text/html,application/xhtml+xml,application/xml;q=0.9,image/webp,image/apng,*/*;q=0.8',
  'accept-encoding' => 'gzip, deflate, br',
  'accept-language' => 'zh-CN,zh;q=0.9,en;q=0.8',
  'cookie' => '_ga=GA1.1.146608984.1514531436; pgv_pvi=1200644096; vip=0; phone=16688886666; SL_G_WPT_TO=zh-CN; SL_GWPT_Show_Hide_tmp=undefined; SL_wptGlobTipTmp=undefined',
)
[ info ] [ PARAM ] array (
)
[ info ] [ LOG ] INIT File
[ error ] [4]语法错误: unexpected 'return' (T_RETURN), expecting function (T_FUNCTION)[D:\phpStudy\WWW\cygw\application\admin\controller\Index.php:29]
---------------------------------------------------------------
[ 2018-04-12T12:27:33+08:00 ] 0.0.0.0 GET /cygw/public/admin/index/index
[ info ] localhost:9096/cygw/public/admin/index/index [运行时间：0.063003s][吞吐率：15.87req/s] [内存消耗：1,354.48kb] [文件加载：39]
[ info ] [ LANG ] D:\phpStudy\WWW\cygw\thinkphp\lang\zh-cn.php
[ info ] [ ROUTE ] array (
  'type' => 'module',
  'module' => 
  array (
    0 => 'admin',
    1 => 'index',
    2 => 'index',
  ),
)
[ info ] [ HEADER ] array (
  'host' => 'localhost:9096',
  'connection' => 'keep-alive',
  'cache-control' => 'max-age=0',
  'upgrade-insecure-requests' => '1',
  'user-agent' => 'Mozilla/5.0 (Windows NT 6.1; Win64; x64) AppleWebKit/537.36 (KHTML, like Gecko) Chrome/65.0.3325.181 Safari/537.36',
  'accept' => 'text/html,application/xhtml+xml,application/xml;q=0.9,image/webp,image/apng,*/*;q=0.8',
  'accept-encoding' => 'gzip, deflate, br',
  'accept-language' => 'zh-CN,zh;q=0.9,en;q=0.8',
  'cookie' => '_ga=GA1.1.146608984.1514531436; pgv_pvi=1200644096; vip=0; phone=16688886666; SL_G_WPT_TO=zh-CN; SL_GWPT_Show_Hide_tmp=undefined; SL_wptGlobTipTmp=undefined',
)
[ info ] [ PARAM ] array (
)
[ info ] [ LOG ] INIT File
[ error ] [4]语法错误: unexpected 'return' (T_RETURN), expecting function (T_FUNCTION)[D:\phpStudy\WWW\cygw\application\admin\controller\Index.php:30]
---------------------------------------------------------------
[ 2018-04-12T12:27:34+08:00 ] 0.0.0.0 GET /cygw/public/index.php
[ info ] localhost:9096/cygw/public/index.php [运行时间：0.152009s][吞吐率：6.58req/s] [内存消耗：1,581.65kb] [文件加载：43]
[ info ] [ LANG ] D:\phpStudy\WWW\cygw\thinkphp\lang\zh-cn.php
[ info ] [ ROUTE ] array (
  'type' => 'module',
  'module' => 
  array (
    0 => '',
    1 => NULL,
    2 => NULL,
  ),
)
[ info ] [ HEADER ] array (
  'host' => 'localhost:9096',
  'accept-encoding' => 'compress,gzip',
  'connection' => 'Close',
)
[ info ] [ PARAM ] array (
)
[ info ] [ RUN ] app\index\controller\Index->index[ D:\phpStudy\WWW\cygw\application\index\controller\Index.php ]
[ info ] [ VIEW ] D:\phpStudy\WWW\cygw\public/../application/index\view\index\index.html [ array (
) ]
[ info ] [ LOG ] INIT File
---------------------------------------------------------------
[ 2018-04-12T12:29:05+08:00 ] 0.0.0.0 GET /cygw/public/admin/index/index
[ info ] localhost:9096/cygw/public/admin/index/index [运行时间：0.064004s][吞吐率：15.62req/s] [内存消耗：1,354.72kb] [文件加载：39]
[ info ] [ LANG ] D:\phpStudy\WWW\cygw\thinkphp\lang\zh-cn.php
[ info ] [ ROUTE ] array (
  'type' => 'module',
  'module' => 
  array (
    0 => 'admin',
    1 => 'index',
    2 => 'index',
  ),
)
[ info ] [ HEADER ] array (
  'host' => 'localhost:9096',
  'connection' => 'keep-alive',
  'cache-control' => 'max-age=0',
  'upgrade-insecure-requests' => '1',
  'user-agent' => 'Mozilla/5.0 (Windows NT 6.1; Win64; x64) AppleWebKit/537.36 (KHTML, like Gecko) Chrome/65.0.3325.181 Safari/537.36',
  'accept' => 'text/html,application/xhtml+xml,application/xml;q=0.9,image/webp,image/apng,*/*;q=0.8',
  'accept-encoding' => 'gzip, deflate, br',
  'accept-language' => 'zh-CN,zh;q=0.9,en;q=0.8',
  'cookie' => '_ga=GA1.1.146608984.1514531436; pgv_pvi=1200644096; vip=0; phone=16688886666; SL_G_WPT_TO=zh-CN; SL_GWPT_Show_Hide_tmp=undefined; SL_wptGlobTipTmp=undefined',
)
[ info ] [ PARAM ] array (
)
[ info ] [ LOG ] INIT File
[ error ] [4]语法错误: unexpected 'return' (T_RETURN), expecting function (T_FUNCTION)[D:\phpStudy\WWW\cygw\application\admin\controller\Index.php:31]
---------------------------------------------------------------
[ 2018-04-12T12:29:14+08:00 ] 0.0.0.0 GET /cygw/public/admin/index/index
[ info ] localhost:9096/cygw/public/admin/index/index [运行时间：0.048201s][吞吐率：20.75req/s] [内存消耗：1,354.38kb] [文件加载：39]
[ info ] [ LANG ] D:\phpStudy\WWW\cygw\thinkphp\lang\zh-cn.php
[ info ] [ ROUTE ] array (
  'type' => 'module',
  'module' => 
  array (
    0 => 'admin',
    1 => 'index',
    2 => 'index',
  ),
)
[ info ] [ HEADER ] array (
  'host' => 'localhost:9096',
  'connection' => 'keep-alive',
  'upgrade-insecure-requests' => '1',
  'user-agent' => 'Mozilla/5.0 (Windows NT 6.1; Win64; x64) AppleWebKit/537.36 (KHTML, like Gecko) Chrome/65.0.3325.181 Safari/537.36',
  'accept' => 'text/html,application/xhtml+xml,application/xml;q=0.9,image/webp,image/apng,*/*;q=0.8',
  'accept-encoding' => 'gzip, deflate, br',
  'accept-language' => 'zh-CN,zh;q=0.9,en;q=0.8',
  'cookie' => '_ga=GA1.1.146608984.1514531436; pgv_pvi=1200644096; vip=0; phone=16688886666; SL_G_WPT_TO=zh-CN; SL_GWPT_Show_Hide_tmp=undefined; SL_wptGlobTipTmp=undefined',
)
[ info ] [ PARAM ] array (
)
[ info ] [ LOG ] INIT File
[ error ] [4]语法错误: unexpected 'return' (T_RETURN), expecting function (T_FUNCTION)[D:\phpStudy\WWW\cygw\application\admin\controller\Index.php:31]
---------------------------------------------------------------
[ 2018-04-12T12:29:52+08:00 ] 0.0.0.0 GET /cygw/public/admin/index/index
[ info ] localhost:9096/cygw/public/admin/index/index [运行时间：0.074004s][吞吐率：13.51req/s] [内存消耗：1,583.37kb] [文件加载：43]
[ info ] [ LANG ] D:\phpStudy\WWW\cygw\thinkphp\lang\zh-cn.php
[ info ] [ ROUTE ] array (
  'type' => 'module',
  'module' => 
  array (
    0 => 'admin',
    1 => 'index',
    2 => 'index',
  ),
)
[ info ] [ HEADER ] array (
  'host' => 'localhost:9096',
  'connection' => 'keep-alive',
  'cache-control' => 'max-age=0',
  'upgrade-insecure-requests' => '1',
  'user-agent' => 'Mozilla/5.0 (Windows NT 6.1; Win64; x64) AppleWebKit/537.36 (KHTML, like Gecko) Chrome/65.0.3325.181 Safari/537.36',
  'accept' => 'text/html,application/xhtml+xml,application/xml;q=0.9,image/webp,image/apng,*/*;q=0.8',
  'accept-encoding' => 'gzip, deflate, br',
  'accept-language' => 'zh-CN,zh;q=0.9,en;q=0.8',
  'cookie' => '_ga=GA1.1.146608984.1514531436; pgv_pvi=1200644096; vip=0; phone=16688886666; SL_G_WPT_TO=zh-CN; SL_GWPT_Show_Hide_tmp=undefined; SL_wptGlobTipTmp=undefined',
)
[ info ] [ PARAM ] array (
)
[ info ] [ RUN ] app\admin\controller\Index->index[ D:\phpStudy\WWW\cygw\application\admin\controller\Index.php ]
[ info ] [ VIEW ] D:\phpStudy\WWW\cygw\public/../application/admin\view\index\index.html [ array (
) ]
[ info ] [ LOG ] INIT File
---------------------------------------------------------------
[ 2018-04-12T12:30:18+08:00 ] 0.0.0.0 POST /cygw/public/admin/index/index
[ info ] localhost:9096/cygw/public/admin/index/index [运行时间：0.874050s][吞吐率：1.14req/s] [内存消耗：2,732.09kb] [文件加载：54]
[ info ] [ LANG ] D:\phpStudy\WWW\cygw\thinkphp\lang\zh-cn.php
[ info ] [ ROUTE ] array (
  'type' => 'module',
  'module' => 
  array (
    0 => 'admin',
    1 => 'index',
    2 => 'index',
  ),
)
[ info ] [ HEADER ] array (
  'host' => 'localhost:9096',
  'connection' => 'keep-alive',
  'content-length' => '416',
  'cache-control' => 'max-age=0',
  'origin' => 'http://localhost:9096',
  'upgrade-insecure-requests' => '1',
  'content-type' => 'application/x-www-form-urlencoded',
  'user-agent' => 'Mozilla/5.0 (Windows NT 6.1; Win64; x64) AppleWebKit/537.36 (KHTML, like Gecko) Chrome/65.0.3325.181 Safari/537.36',
  'accept' => 'text/html,application/xhtml+xml,application/xml;q=0.9,image/webp,image/apng,*/*;q=0.8',
  'referer' => 'http://localhost:9096/cygw/public/admin/index/index',
  'accept-encoding' => 'gzip, deflate, br',
  'accept-language' => 'zh-CN,zh;q=0.9,en;q=0.8',
  'cookie' => '_ga=GA1.1.146608984.1514531436; pgv_pvi=1200644096; vip=0; phone=16688886666; SL_G_WPT_TO=zh-CN; SL_GWPT_Show_Hide_tmp=undefined; SL_wptGlobTipTmp=undefined',
)
[ info ] [ PARAM ] array (
  'title' => '本科就有导师 岳麓书院把制度做成了“温度”岳麓书院把制度',
  'publisher' => 'admin',
  'content' => '<p>adwad</p><p>adwad</p><p>sdawdaw</p><p>awdawd</p><p>adwad</p><p><br/></p>',
)
[ info ] [ RUN ] app\admin\controller\Index->index[ D:\phpStudy\WWW\cygw\application\admin\controller\Index.php ]
[ info ] [ DB ] INIT mysql
[ info ] [ VIEW ] D:\phpStudy\WWW\cygw\thinkphp\tpl\dispatch_jump.tpl [ array (
  0 => 'notice',
  1 => 'code',
  2 => 'msg',
  3 => 'data',
  4 => 'url',
  5 => 'wait',
) ]
[ info ] [ LOG ] INIT File
[ sql ] [ DB ] CONNECT:[ UseTime:0.011001s ] mysql:host=127.0.0.1;dbname=college;charset=utf8
[ sql ] [ SQL ] SHOW COLUMNS FROM `notice` [ RunTime:0.147008s ]
[ sql ] [ SQL ] INSERT INTO `notice` (`title` , `publisher` , `content` , `create_time`) VALUES ('本科就有导师 岳麓书院把制度做成了“温度”岳麓书院把制度' , 'admin' , '<p>adwad</p><p>adwad</p><p>sdawdaw</p><p>awdawd</p><p>adwad</p><p><br/></p>' , 1523507418) [ RunTime:0.002000s ]
---------------------------------------------------------------
[ 2018-04-12T12:30:22+08:00 ] 0.0.0.0 GET /cygw/public/admin/index/index.html
[ info ] localhost:9096/cygw/public/admin/index/index.html [运行时间：0.072004s][吞吐率：13.89req/s] [内存消耗：1,583.56kb] [文件加载：43]
[ info ] [ LANG ] D:\phpStudy\WWW\cygw\thinkphp\lang\zh-cn.php
[ info ] [ ROUTE ] array (
  'type' => 'module',
  'module' => 
  array (
    0 => 'admin',
    1 => 'index',
    2 => 'index',
  ),
)
[ info ] [ HEADER ] array (
  'host' => 'localhost:9096',
  'connection' => 'keep-alive',
  'upgrade-insecure-requests' => '1',
  'user-agent' => 'Mozilla/5.0 (Windows NT 6.1; Win64; x64) AppleWebKit/537.36 (KHTML, like Gecko) Chrome/65.0.3325.181 Safari/537.36',
  'accept' => 'text/html,application/xhtml+xml,application/xml;q=0.9,image/webp,image/apng,*/*;q=0.8',
  'referer' => 'http://localhost:9096/cygw/public/admin/index/index',
  'accept-encoding' => 'gzip, deflate, br',
  'accept-language' => 'zh-CN,zh;q=0.9,en;q=0.8',
  'cookie' => '_ga=GA1.1.146608984.1514531436; pgv_pvi=1200644096; vip=0; phone=16688886666; SL_G_WPT_TO=zh-CN; SL_GWPT_Show_Hide_tmp=undefined; SL_wptGlobTipTmp=undefined',
)
[ info ] [ PARAM ] array (
)
[ info ] [ RUN ] app\admin\controller\Index->index[ D:\phpStudy\WWW\cygw\application\admin\controller\Index.php ]
[ info ] [ VIEW ] D:\phpStudy\WWW\cygw\public/../application/admin\view\index\index.html [ array (
) ]
[ info ] [ LOG ] INIT File
---------------------------------------------------------------
[ 2018-04-12T12:31:51+08:00 ] 0.0.0.0 POST /cygw/public/admin/index/index.html
[ info ] localhost:9096/cygw/public/admin/index/index.html [运行时间：0.082005s][吞吐率：12.19req/s] [内存消耗：2,730.66kb] [文件加载：54]
[ info ] [ LANG ] D:\phpStudy\WWW\cygw\thinkphp\lang\zh-cn.php
[ info ] [ ROUTE ] array (
  'type' => 'module',
  'module' => 
  array (
    0 => 'admin',
    1 => 'index',
    2 => 'index',
  ),
)
[ info ] [ HEADER ] array (
  'host' => 'localhost:9096',
  'connection' => 'keep-alive',
  'content-length' => '87',
  'cache-control' => 'max-age=0',
  'origin' => 'http://localhost:9096',
  'upgrade-insecure-requests' => '1',
  'content-type' => 'application/x-www-form-urlencoded',
  'user-agent' => 'Mozilla/5.0 (Windows NT 6.1; Win64; x64) AppleWebKit/537.36 (KHTML, like Gecko) Chrome/65.0.3325.181 Safari/537.36',
  'accept' => 'text/html,application/xhtml+xml,application/xml;q=0.9,image/webp,image/apng,*/*;q=0.8',
  'referer' => 'http://localhost:9096/cygw/public/admin/index/index.html',
  'accept-encoding' => 'gzip, deflate, br',
  'accept-language' => 'zh-CN,zh;q=0.9,en;q=0.8',
  'cookie' => '_ga=GA1.1.146608984.1514531436; pgv_pvi=1200644096; vip=0; phone=16688886666; SL_G_WPT_TO=zh-CN; SL_GWPT_Show_Hide_tmp=undefined; SL_wptGlobTipTmp=undefined',
)
[ info ] [ PARAM ] array (
  'title' => '奇闻安慰',
  'publisher' => 'adw',
  'content' => '<p>zcssc</p>',
)
[ info ] [ RUN ] app\admin\controller\Index->index[ D:\phpStudy\WWW\cygw\application\admin\controller\Index.php ]
[ info ] [ DB ] INIT mysql
[ info ] [ VIEW ] D:\phpStudy\WWW\cygw\thinkphp\tpl\dispatch_jump.tpl [ array (
  0 => 'notice',
  1 => 'code',
  2 => 'msg',
  3 => 'data',
  4 => 'url',
  5 => 'wait',
) ]
[ info ] [ LOG ] INIT File
[ sql ] [ DB ] CONNECT:[ UseTime:0.002000s ] mysql:host=127.0.0.1;dbname=college;charset=utf8
[ sql ] [ SQL ] SHOW COLUMNS FROM `notice` [ RunTime:0.005001s ]
[ sql ] [ SQL ] INSERT INTO `notice` (`title` , `publisher` , `content` , `create_time`) VALUES ('奇闻安慰' , 'adw' , '<p>zcssc</p>' , 1523507511) [ RunTime:0.000000s ]
---------------------------------------------------------------
[ 2018-04-12T12:31:54+08:00 ] 0.0.0.0 GET /cygw/public/admin/index/index.html
[ info ] localhost:9096/cygw/public/admin/index/index.html [运行时间：0.078603s][吞吐率：12.72req/s] [内存消耗：1,583.59kb] [文件加载：43]
[ info ] [ LANG ] D:\phpStudy\WWW\cygw\thinkphp\lang\zh-cn.php
[ info ] [ ROUTE ] array (
  'type' => 'module',
  'module' => 
  array (
    0 => 'admin',
    1 => 'index',
    2 => 'index',
  ),
)
[ info ] [ HEADER ] array (
  'host' => 'localhost:9096',
  'connection' => 'keep-alive',
  'upgrade-insecure-requests' => '1',
  'user-agent' => 'Mozilla/5.0 (Windows NT 6.1; Win64; x64) AppleWebKit/537.36 (KHTML, like Gecko) Chrome/65.0.3325.181 Safari/537.36',
  'accept' => 'text/html,application/xhtml+xml,application/xml;q=0.9,image/webp,image/apng,*/*;q=0.8',
  'referer' => 'http://localhost:9096/cygw/public/admin/index/index.html',
  'accept-encoding' => 'gzip, deflate, br',
  'accept-language' => 'zh-CN,zh;q=0.9,en;q=0.8',
  'cookie' => '_ga=GA1.1.146608984.1514531436; pgv_pvi=1200644096; vip=0; phone=16688886666; SL_G_WPT_TO=zh-CN; SL_GWPT_Show_Hide_tmp=undefined; SL_wptGlobTipTmp=undefined',
)
[ info ] [ PARAM ] array (
)
[ info ] [ RUN ] app\admin\controller\Index->index[ D:\phpStudy\WWW\cygw\application\admin\controller\Index.php ]
[ info ] [ VIEW ] D:\phpStudy\WWW\cygw\public/../application/admin\view\index\index.html [ array (
) ]
[ info ] [ LOG ] INIT File
---------------------------------------------------------------
[ 2018-04-12T12:32:37+08:00 ] 0.0.0.0 POST /cygw/public/admin/index/index.html
[ info ] localhost:9096/cygw/public/admin/index/index.html [运行时间：0.046002s][吞吐率：21.74req/s] [内存消耗：1,636.49kb] [文件加载：46]
[ info ] [ LANG ] D:\phpStudy\WWW\cygw\thinkphp\lang\zh-cn.php
[ info ] [ ROUTE ] array (
  'type' => 'module',
  'module' => 
  array (
    0 => 'admin',
    1 => 'index',
    2 => 'index',
  ),
)
[ info ] [ HEADER ] array (
  'host' => 'localhost:9096',
  'connection' => 'keep-alive',
  'content-length' => '55',
  'cache-control' => 'max-age=0',
  'origin' => 'http://localhost:9096',
  'upgrade-insecure-requests' => '1',
  'content-type' => 'application/x-www-form-urlencoded',
  'user-agent' => 'Mozilla/5.0 (Windows NT 6.1; Win64; x64) AppleWebKit/537.36 (KHTML, like Gecko) Chrome/65.0.3325.181 Safari/537.36',
  'accept' => 'text/html,application/xhtml+xml,application/xml;q=0.9,image/webp,image/apng,*/*;q=0.8',
  'referer' => 'http://localhost:9096/cygw/public/admin/index/index.html',
  'accept-encoding' => 'gzip, deflate, br',
  'accept-language' => 'zh-CN,zh;q=0.9,en;q=0.8',
  'cookie' => '_ga=GA1.1.146608984.1514531436; pgv_pvi=1200644096; vip=0; phone=16688886666; SL_G_WPT_TO=zh-CN; SL_GWPT_Show_Hide_tmp=undefined; SL_wptGlobTipTmp=undefined',
)
[ info ] [ PARAM ] array (
  'title' => 'wqe',
  'publisher' => 'wdw',
  'content' => '<p>qwdqdq</p>',
)
[ info ] [ RUN ] app\admin\controller\Index->index[ D:\phpStudy\WWW\cygw\application\admin\controller\Index.php ]
[ info ] [ LOG ] INIT File
[ error ] [4]语法错误: unexpected 'new' (T_NEW)[D:\phpStudy\WWW\cygw\application\admin\model\Notice.php:13]
---------------------------------------------------------------
[ 2018-04-12T22:06:46+08:00 ] 0.0.0.0 GET /cygw/public/admin/index/index
[ info ] localhost:9096/cygw/public/admin/index/index [运行时间：0.442025s][吞吐率：2.26req/s] [内存消耗：1,582.84kb] [文件加载：43]
[ info ] [ LANG ] D:\phpStudy\WWW\cygw\thinkphp\lang\zh-cn.php
[ info ] [ ROUTE ] array (
  'type' => 'module',
  'module' => 
  array (
    0 => 'admin',
    1 => 'index',
    2 => 'index',
  ),
)
[ info ] [ HEADER ] array (
  'host' => 'localhost:9096',
  'connection' => 'keep-alive',
  'upgrade-insecure-requests' => '1',
  'user-agent' => 'Mozilla/5.0 (Windows NT 6.1; Win64; x64) AppleWebKit/537.36 (KHTML, like Gecko) Chrome/65.0.3325.181 Safari/537.36',
  'accept' => 'text/html,application/xhtml+xml,application/xml;q=0.9,image/webp,image/apng,*/*;q=0.8',
  'accept-encoding' => 'gzip, deflate, br',
  'accept-language' => 'zh-CN,zh;q=0.9,en;q=0.8',
  'cookie' => '_ga=GA1.1.146608984.1514531436; pgv_pvi=1200644096; vip=0; phone=16688886666; SL_G_WPT_TO=zh-CN; SL_GWPT_Show_Hide_tmp=undefined; SL_wptGlobTipTmp=undefined',
)
[ info ] [ PARAM ] array (
)
[ info ] [ RUN ] app\admin\controller\Index->index[ D:\phpStudy\WWW\cygw\application\admin\controller\Index.php ]
[ info ] [ VIEW ] D:\phpStudy\WWW\cygw\public/../application/admin\view\index\index.html [ array (
) ]
[ info ] [ LOG ] INIT File
---------------------------------------------------------------
[ 2018-04-12T22:07:21+08:00 ] 0.0.0.0 POST /cygw/public/admin/index/index
[ info ] localhost:9096/cygw/public/admin/index/index [运行时间：0.256015s][吞吐率：3.91req/s] [内存消耗：2,683.29kb] [文件加载：54]
[ info ] [ LANG ] D:\phpStudy\WWW\cygw\thinkphp\lang\zh-cn.php
[ info ] [ ROUTE ] array (
  'type' => 'module',
  'module' => 
  array (
    0 => 'admin',
    1 => 'index',
    2 => 'index',
  ),
)
[ info ] [ HEADER ] array (
  'host' => 'localhost:9096',
  'connection' => 'keep-alive',
  'content-length' => '673',
  'cache-control' => 'max-age=0',
  'origin' => 'http://localhost:9096',
  'upgrade-insecure-requests' => '1',
  'content-type' => 'application/x-www-form-urlencoded',
  'user-agent' => 'Mozilla/5.0 (Windows NT 6.1; Win64; x64) AppleWebKit/537.36 (KHTML, like Gecko) Chrome/65.0.3325.181 Safari/537.36',
  'accept' => 'text/html,application/xhtml+xml,application/xml;q=0.9,image/webp,image/apng,*/*;q=0.8',
  'referer' => 'http://localhost:9096/cygw/public/admin/index/index',
  'accept-encoding' => 'gzip, deflate, br',
  'accept-language' => 'zh-CN,zh;q=0.9,en;q=0.8',
  'cookie' => '_ga=GA1.1.146608984.1514531436; pgv_pvi=1200644096; vip=0; phone=16688886666; SL_G_WPT_TO=zh-CN; SL_GWPT_Show_Hide_tmp=undefined; SL_wptGlobTipTmp=undefined',
)
[ info ] [ PARAM ] array (
  'title' => '豫章书院',
  'publisher' => '杨永信',
  'content' => '<p>$notice = new Notice;$notice = new Notice;$notice = new Notice;$notice = new Notice;$notice = new Notice;$notice = new Notice;$notice = new Notice;$notice = new Notice;$notice = new Notice;$notice = new Notice;$notice = new Notice;$notice = new Notice;$notice = new Notice;$notice = new Notice;$notice = new Notice;$notice = new Notice;$notice = new Notice;$notice = new Notice;$notice = new Notice;$notice = new Notice;$notice = new Notice;</p>',
)
[ info ] [ RUN ] app\admin\controller\Index->index[ D:\phpStudy\WWW\cygw\application\admin\controller\Index.php ]
[ info ] [ DB ] INIT mysql
[ info ] [ LOG ] INIT File
[ error ] [1]Call to a member function data() on a non-object[D:\phpStudy\WWW\cygw\application\admin\model\Notice.php:15]
---------------------------------------------------------------
[ 2018-04-12T22:08:02+08:00 ] 0.0.0.0 POST /cygw/public/admin/index/index
[ info ] localhost:9096/cygw/public/admin/index/index [运行时间：0.147008s][吞吐率：6.80req/s] [内存消耗：2,734.04kb] [文件加载：55]
[ info ] [ LANG ] D:\phpStudy\WWW\cygw\thinkphp\lang\zh-cn.php
[ info ] [ ROUTE ] array (
  'type' => 'module',
  'module' => 
  array (
    0 => 'admin',
    1 => 'index',
    2 => 'index',
  ),
)
[ info ] [ HEADER ] array (
  'host' => 'localhost:9096',
  'connection' => 'keep-alive',
  'content-length' => '142',
  'cache-control' => 'max-age=0',
  'origin' => 'http://localhost:9096',
  'upgrade-insecure-requests' => '1',
  'content-type' => 'application/x-www-form-urlencoded',
  'user-agent' => 'Mozilla/5.0 (Windows NT 6.1; Win64; x64) AppleWebKit/537.36 (KHTML, like Gecko) Chrome/65.0.3325.181 Safari/537.36',
  'accept' => 'text/html,application/xhtml+xml,application/xml;q=0.9,image/webp,image/apng,*/*;q=0.8',
  'referer' => 'http://localhost:9096/cygw/public/admin/index/index',
  'accept-encoding' => 'gzip, deflate, br',
  'accept-language' => 'zh-CN,zh;q=0.9,en;q=0.8',
  'cookie' => '_ga=GA1.1.146608984.1514531436; pgv_pvi=1200644096; vip=0; phone=16688886666; SL_G_WPT_TO=zh-CN; SL_GWPT_Show_Hide_tmp=undefined; SL_wptGlobTipTmp=undefined',
)
[ info ] [ PARAM ] array (
  'title' => '豫章书院',
  'publisher' => '杨永信',
  'content' => '<p>网瘾治疗</p>',
)
[ info ] [ RUN ] app\admin\controller\Index->index[ D:\phpStudy\WWW\cygw\application\admin\controller\Index.php ]
[ info ] [ DB ] INIT mysql
[ info ] [ LOG ] INIT File
[ sql ] [ DB ] CONNECT:[ UseTime:0.002000s ] mysql:host=127.0.0.1;dbname=college;charset=utf8
[ sql ] [ SQL ] SHOW COLUMNS FROM `notice` [ RunTime:0.006001s ]
[ sql ] [ SQL ] INSERT INTO `notice` (`title` , `publisher` , `content` , `create_time`) VALUES ('豫章书院' , '杨永信' , '<p>网瘾治疗</p>' , 1523542082) [ RunTime:0.001000s ]
[ error ] [1]Call to a member function save() on a non-object[D:\phpStudy\WWW\cygw\application\admin\model\Notice.php:20]
---------------------------------------------------------------
[ 2018-04-12T22:32:17+08:00 ] 0.0.0.0 GET /cygw/public/admin/index/show
[ info ] localhost:9096/cygw/public/admin/index/show [运行时间：0.104006s][吞吐率：9.61req/s] [内存消耗：1,617.30kb] [文件加载：45]
[ info ] [ LANG ] D:\phpStudy\WWW\cygw\thinkphp\lang\zh-cn.php
[ info ] [ ROUTE ] array (
  'type' => 'module',
  'module' => 
  array (
    0 => 'admin',
    1 => 'index',
    2 => 'show',
  ),
)
[ info ] [ HEADER ] array (
  'host' => 'localhost:9096',
  'connection' => 'keep-alive',
  'upgrade-insecure-requests' => '1',
  'user-agent' => 'Mozilla/5.0 (Windows NT 6.1; Win64; x64) AppleWebKit/537.36 (KHTML, like Gecko) Chrome/65.0.3325.181 Safari/537.36',
  'accept' => 'text/html,application/xhtml+xml,application/xml;q=0.9,image/webp,image/apng,*/*;q=0.8',
  'accept-encoding' => 'gzip, deflate, br',
  'accept-language' => 'zh-CN,zh;q=0.9,en;q=0.8',
  'cookie' => '_ga=GA1.1.146608984.1514531436; pgv_pvi=1200644096; vip=0; phone=16688886666; SL_G_WPT_TO=zh-CN; SL_GWPT_Show_Hide_tmp=undefined; SL_wptGlobTipTmp=undefined',
)
[ info ] [ PARAM ] array (
)
[ info ] [ LOG ] INIT File
---------------------------------------------------------------
[ 2018-04-12T22:33:15+08:00 ] 0.0.0.0 GET /cygw/public/admin/index/show
[ info ] localhost:9096/cygw/public/admin/index/show [运行时间：0.037002s][吞吐率：27.03req/s] [内存消耗：1,617.57kb] [文件加载：45]
[ info ] [ LANG ] D:\phpStudy\WWW\cygw\thinkphp\lang\zh-cn.php
[ info ] [ ROUTE ] array (
  'type' => 'module',
  'module' => 
  array (
    0 => 'admin',
    1 => 'index',
    2 => 'show',
  ),
)
[ info ] [ HEADER ] array (
  'host' => 'localhost:9096',
  'connection' => 'keep-alive',
  'cache-control' => 'max-age=0',
  'upgrade-insecure-requests' => '1',
  'user-agent' => 'Mozilla/5.0 (Windows NT 6.1; Win64; x64) AppleWebKit/537.36 (KHTML, like Gecko) Chrome/65.0.3325.181 Safari/537.36',
  'accept' => 'text/html,application/xhtml+xml,application/xml;q=0.9,image/webp,image/apng,*/*;q=0.8',
  'accept-encoding' => 'gzip, deflate, br',
  'accept-language' => 'zh-CN,zh;q=0.9,en;q=0.8',
  'cookie' => '_ga=GA1.1.146608984.1514531436; pgv_pvi=1200644096; vip=0; phone=16688886666; SL_G_WPT_TO=zh-CN; SL_GWPT_Show_Hide_tmp=undefined; SL_wptGlobTipTmp=undefined',
)
[ info ] [ PARAM ] array (
)
[ info ] [ LOG ] INIT File
---------------------------------------------------------------
[ 2018-04-12T22:33:58+08:00 ] 0.0.0.0 GET /cygw/public/admin/index/show
[ info ] localhost:9096/cygw/public/admin/index/show [运行时间：0.081203s][吞吐率：12.31req/s] [内存消耗：1,617.30kb] [文件加载：45]
[ info ] [ LANG ] D:\phpStudy\WWW\cygw\thinkphp\lang\zh-cn.php
[ info ] [ ROUTE ] array (
  'type' => 'module',
  'module' => 
  array (
    0 => 'admin',
    1 => 'index',
    2 => 'show',
  ),
)
[ info ] [ HEADER ] array (
  'host' => 'localhost:9096',
  'connection' => 'keep-alive',
  'upgrade-insecure-requests' => '1',
  'user-agent' => 'Mozilla/5.0 (Windows NT 6.1; Win64; x64) AppleWebKit/537.36 (KHTML, like Gecko) Chrome/65.0.3325.181 Safari/537.36',
  'accept' => 'text/html,application/xhtml+xml,application/xml;q=0.9,image/webp,image/apng,*/*;q=0.8',
  'accept-encoding' => 'gzip, deflate, br',
  'accept-language' => 'zh-CN,zh;q=0.9,en;q=0.8',
  'cookie' => '_ga=GA1.1.146608984.1514531436; pgv_pvi=1200644096; vip=0; phone=16688886666; SL_G_WPT_TO=zh-CN; SL_GWPT_Show_Hide_tmp=undefined; SL_wptGlobTipTmp=undefined',
)
[ info ] [ PARAM ] array (
)
[ info ] [ LOG ] INIT File
---------------------------------------------------------------
[ 2018-04-12T22:34:21+08:00 ] 0.0.0.0 GET /cygw/public/index/index/show
[ info ] localhost:9096/cygw/public/index/index/show [运行时间：0.078005s][吞吐率：12.82req/s] [内存消耗：2,659.82kb] [文件加载：54]
[ info ] [ LANG ] D:\phpStudy\WWW\cygw\thinkphp\lang\zh-cn.php
[ info ] [ ROUTE ] array (
  'type' => 'module',
  'module' => 
  array (
    0 => 'index',
    1 => 'index',
    2 => 'show',
  ),
)
[ info ] [ HEADER ] array (
  'host' => 'localhost:9096',
  'connection' => 'keep-alive',
  'upgrade-insecure-requests' => '1',
  'user-agent' => 'Mozilla/5.0 (Windows NT 6.1; Win64; x64) AppleWebKit/537.36 (KHTML, like Gecko) Chrome/65.0.3325.181 Safari/537.36',
  'accept' => 'text/html,application/xhtml+xml,application/xml;q=0.9,image/webp,image/apng,*/*;q=0.8',
  'accept-encoding' => 'gzip, deflate, br',
  'accept-language' => 'zh-CN,zh;q=0.9,en;q=0.8',
  'cookie' => '_ga=GA1.1.146608984.1514531436; pgv_pvi=1200644096; vip=0; phone=16688886666; SL_G_WPT_TO=zh-CN; SL_GWPT_Show_Hide_tmp=undefined; SL_wptGlobTipTmp=undefined',
)
[ info ] [ PARAM ] array (
)
[ info ] [ RUN ] app\index\controller\Index->show[ D:\phpStudy\WWW\cygw\application\index\controller\Index.php ]
[ info ] [ DB ] INIT mysql
[ info ] [ LOG ] INIT File
[ error ] [1]Class 'app\admin\model\User' not found[D:\phpStudy\WWW\cygw\application\admin\model\Notice.php:38]
---------------------------------------------------------------
[ 2018-04-12T22:34:47+08:00 ] 0.0.0.0 GET /cygw/public/index/index/show
[ info ] localhost:9096/cygw/public/index/index/show [运行时间：0.099006s][吞吐率：10.10req/s] [内存消耗：2,806.77kb] [文件加载：54]
[ info ] [ LANG ] D:\phpStudy\WWW\cygw\thinkphp\lang\zh-cn.php
[ info ] [ ROUTE ] array (
  'type' => 'module',
  'module' => 
  array (
    0 => 'index',
    1 => 'index',
    2 => 'show',
  ),
)
[ info ] [ HEADER ] array (
  'host' => 'localhost:9096',
  'connection' => 'keep-alive',
  'cache-control' => 'max-age=0',
  'upgrade-insecure-requests' => '1',
  'user-agent' => 'Mozilla/5.0 (Windows NT 6.1; Win64; x64) AppleWebKit/537.36 (KHTML, like Gecko) Chrome/65.0.3325.181 Safari/537.36',
  'accept' => 'text/html,application/xhtml+xml,application/xml;q=0.9,image/webp,image/apng,*/*;q=0.8',
  'accept-encoding' => 'gzip, deflate, br',
  'accept-language' => 'zh-CN,zh;q=0.9,en;q=0.8',
  'cookie' => '_ga=GA1.1.146608984.1514531436; pgv_pvi=1200644096; vip=0; phone=16688886666; SL_G_WPT_TO=zh-CN; SL_GWPT_Show_Hide_tmp=undefined; SL_wptGlobTipTmp=undefined',
)
[ info ] [ PARAM ] array (
)
[ info ] [ RUN ] app\index\controller\Index->show[ D:\phpStudy\WWW\cygw\application\index\controller\Index.php ]
[ info ] [ DB ] INIT mysql
[ info ] [ VIEW ] D:\phpStudy\WWW\cygw\public/../application/index\view\index\show.html [ array (
  0 => 'notice',
) ]
[ info ] [ LOG ] INIT File
[ sql ] [ DB ] CONNECT:[ UseTime:0.002000s ] mysql:host=127.0.0.1;dbname=college;charset=utf8
[ sql ] [ SQL ] SHOW COLUMNS FROM `notice` [ RunTime:0.008001s ]
[ sql ] [ SQL ] SELECT * FROM `notice` WHERE  `id` >= 1 [ RunTime:0.001000s ]
---------------------------------------------------------------
[ 2018-04-12T22:34:52+08:00 ] 0.0.0.0 GET /cygw/public/index/index/show
[ info ] localhost:9096/cygw/public/index/index/show [运行时间：0.074004s][吞吐率：13.51req/s] [内存消耗：2,668.81kb] [文件加载：52]
[ info ] [ LANG ] D:\phpStudy\WWW\cygw\thinkphp\lang\zh-cn.php
[ info ] [ ROUTE ] array (
  'type' => 'module',
  'module' => 
  array (
    0 => 'index',
    1 => 'index',
    2 => 'show',
  ),
)
[ info ] [ HEADER ] array (
  'host' => 'localhost:9096',
  'connection' => 'keep-alive',
  'cache-control' => 'max-age=0',
  'upgrade-insecure-requests' => '1',
  'user-agent' => 'Mozilla/5.0 (Windows NT 6.1; Win64; x64) AppleWebKit/537.36 (KHTML, like Gecko) Chrome/65.0.3325.181 Safari/537.36',
  'accept' => 'text/html,application/xhtml+xml,application/xml;q=0.9,image/webp,image/apng,*/*;q=0.8',
  'accept-encoding' => 'gzip, deflate, br',
  'accept-language' => 'zh-CN,zh;q=0.9,en;q=0.8',
  'cookie' => '_ga=GA1.1.146608984.1514531436; pgv_pvi=1200644096; vip=0; phone=16688886666; SL_G_WPT_TO=zh-CN; SL_GWPT_Show_Hide_tmp=undefined; SL_wptGlobTipTmp=undefined',
)
[ info ] [ PARAM ] array (
)
[ info ] [ RUN ] app\index\controller\Index->show[ D:\phpStudy\WWW\cygw\application\index\controller\Index.php ]
[ info ] [ DB ] INIT mysql
[ info ] [ VIEW ] D:\phpStudy\WWW\cygw\public/../application/index\view\index\show.html [ array (
  0 => 'notice',
) ]
[ info ] [ LOG ] INIT File
[ sql ] [ DB ] CONNECT:[ UseTime:0.002000s ] mysql:host=127.0.0.1;dbname=college;charset=utf8
[ sql ] [ SQL ] SHOW COLUMNS FROM `notice` [ RunTime:0.006000s ]
[ sql ] [ SQL ] SELECT * FROM `notice` WHERE  `id` >= 1 [ RunTime:0.000000s ]
---------------------------------------------------------------
[ 2018-04-12T22:36:00+08:00 ] 0.0.0.0 GET /cygw/public/index/index/show
[ info ] localhost:9096/cygw/public/index/index/show [运行时间：0.065004s][吞吐率：15.38req/s] [内存消耗：2,671.39kb] [文件加载：52]
[ info ] [ LANG ] D:\phpStudy\WWW\cygw\thinkphp\lang\zh-cn.php
[ info ] [ ROUTE ] array (
  'type' => 'module',
  'module' => 
  array (
    0 => 'index',
    1 => 'index',
    2 => 'show',
  ),
)
[ info ] [ HEADER ] array (
  'host' => 'localhost:9096',
  'connection' => 'keep-alive',
  'cache-control' => 'max-age=0',
  'upgrade-insecure-requests' => '1',
  'user-agent' => 'Mozilla/5.0 (Windows NT 6.1; Win64; x64) AppleWebKit/537.36 (KHTML, like Gecko) Chrome/65.0.3325.181 Safari/537.36',
  'accept' => 'text/html,application/xhtml+xml,application/xml;q=0.9,image/webp,image/apng,*/*;q=0.8',
  'accept-encoding' => 'gzip, deflate, br',
  'accept-language' => 'zh-CN,zh;q=0.9,en;q=0.8',
  'cookie' => '_ga=GA1.1.146608984.1514531436; pgv_pvi=1200644096; vip=0; phone=16688886666; SL_G_WPT_TO=zh-CN; SL_GWPT_Show_Hide_tmp=undefined; SL_wptGlobTipTmp=undefined',
)
[ info ] [ PARAM ] array (
)
[ info ] [ RUN ] app\index\controller\Index->show[ D:\phpStudy\WWW\cygw\application\index\controller\Index.php ]
[ info ] [ DB ] INIT mysql
[ info ] [ VIEW ] D:\phpStudy\WWW\cygw\public/../application/index\view\index\show.html [ array (
  0 => 'notice',
) ]
[ info ] [ LOG ] INIT File
[ sql ] [ DB ] CONNECT:[ UseTime:0.001000s ] mysql:host=127.0.0.1;dbname=college;charset=utf8
[ sql ] [ SQL ] SHOW COLUMNS FROM `notice` [ RunTime:0.006001s ]
[ sql ] [ SQL ] SELECT * FROM `notice` WHERE  `id` >= 1 [ RunTime:0.001000s ]
---------------------------------------------------------------
[ 2018-04-12T22:37:00+08:00 ] 0.0.0.0 GET /cygw/public/index/index/show
[ info ] localhost:9096/cygw/public/index/index/show [运行时间：0.085004s][吞吐率：11.76req/s] [内存消耗：2,809.54kb] [文件加载：54]
[ info ] [ LANG ] D:\phpStudy\WWW\cygw\thinkphp\lang\zh-cn.php
[ info ] [ ROUTE ] array (
  'type' => 'module',
  'module' => 
  array (
    0 => 'index',
    1 => 'index',
    2 => 'show',
  ),
)
[ info ] [ HEADER ] array (
  'host' => 'localhost:9096',
  'connection' => 'keep-alive',
  'cache-control' => 'max-age=0',
  'upgrade-insecure-requests' => '1',
  'user-agent' => 'Mozilla/5.0 (Windows NT 6.1; Win64; x64) AppleWebKit/537.36 (KHTML, like Gecko) Chrome/65.0.3325.181 Safari/537.36',
  'accept' => 'text/html,application/xhtml+xml,application/xml;q=0.9,image/webp,image/apng,*/*;q=0.8',
  'accept-encoding' => 'gzip, deflate, br',
  'accept-language' => 'zh-CN,zh;q=0.9,en;q=0.8',
  'cookie' => '_ga=GA1.1.146608984.1514531436; pgv_pvi=1200644096; vip=0; phone=16688886666; SL_G_WPT_TO=zh-CN; SL_GWPT_Show_Hide_tmp=undefined; SL_wptGlobTipTmp=undefined',
)
[ info ] [ PARAM ] array (
)
[ info ] [ RUN ] app\index\controller\Index->show[ D:\phpStudy\WWW\cygw\application\index\controller\Index.php ]
[ info ] [ DB ] INIT mysql
[ info ] [ VIEW ] D:\phpStudy\WWW\cygw\public/../application/index\view\index\show.html [ array (
  0 => 'notice',
) ]
[ info ] [ LOG ] INIT File
[ sql ] [ DB ] CONNECT:[ UseTime:0.002000s ] mysql:host=127.0.0.1;dbname=college;charset=utf8
[ sql ] [ SQL ] SHOW COLUMNS FROM `notice` [ RunTime:0.008001s ]
[ sql ] [ SQL ] SELECT * FROM `notice` WHERE  `id` >= 1 [ RunTime:0.003000s ]
---------------------------------------------------------------
[ 2018-04-12T22:38:35+08:00 ] 0.0.0.0 GET /cygw/public/index/index/show
[ info ] localhost:9096/cygw/public/index/index/show [运行时间：0.061004s][吞吐率：16.39req/s] [内存消耗：2,670.63kb] [文件加载：52]
[ info ] [ LANG ] D:\phpStudy\WWW\cygw\thinkphp\lang\zh-cn.php
[ info ] [ ROUTE ] array (
  'type' => 'module',
  'module' => 
  array (
    0 => 'index',
    1 => 'index',
    2 => 'show',
  ),
)
[ info ] [ HEADER ] array (
  'host' => 'localhost:9096',
  'connection' => 'keep-alive',
  'cache-control' => 'max-age=0',
  'upgrade-insecure-requests' => '1',
  'user-agent' => 'Mozilla/5.0 (Windows NT 6.1; Win64; x64) AppleWebKit/537.36 (KHTML, like Gecko) Chrome/65.0.3325.181 Safari/537.36',
  'accept' => 'text/html,application/xhtml+xml,application/xml;q=0.9,image/webp,image/apng,*/*;q=0.8',
  'accept-encoding' => 'gzip, deflate, br',
  'accept-language' => 'zh-CN,zh;q=0.9,en;q=0.8',
  'cookie' => '_ga=GA1.1.146608984.1514531436; pgv_pvi=1200644096; vip=0; phone=16688886666; SL_G_WPT_TO=zh-CN; SL_GWPT_Show_Hide_tmp=undefined; SL_wptGlobTipTmp=undefined',
)
[ info ] [ PARAM ] array (
)
[ info ] [ RUN ] app\index\controller\Index->show[ D:\phpStudy\WWW\cygw\application\index\controller\Index.php ]
[ info ] [ DB ] INIT mysql
[ info ] [ VIEW ] D:\phpStudy\WWW\cygw\public/../application/index\view\index\show.html [ array (
  0 => 'notice',
) ]
[ info ] [ LOG ] INIT File
[ sql ] [ DB ] CONNECT:[ UseTime:0.002000s ] mysql:host=127.0.0.1;dbname=college;charset=utf8
[ sql ] [ SQL ] SHOW COLUMNS FROM `notice` [ RunTime:0.007000s ]
[ sql ] [ SQL ] SELECT * FROM `notice` WHERE  `id` > 4 [ RunTime:0.001001s ]
---------------------------------------------------------------
[ 2018-04-12T22:38:53+08:00 ] 0.0.0.0 GET /cygw/public/index/index/show
[ info ] localhost:9096/cygw/public/index/index/show [运行时间：0.055003s][吞吐率：18.18req/s] [内存消耗：2,676.54kb] [文件加载：52]
[ info ] [ LANG ] D:\phpStudy\WWW\cygw\thinkphp\lang\zh-cn.php
[ info ] [ ROUTE ] array (
  'type' => 'module',
  'module' => 
  array (
    0 => 'index',
    1 => 'index',
    2 => 'show',
  ),
)
[ info ] [ HEADER ] array (
  'host' => 'localhost:9096',
  'connection' => 'keep-alive',
  'cache-control' => 'max-age=0',
  'upgrade-insecure-requests' => '1',
  'user-agent' => 'Mozilla/5.0 (Windows NT 6.1; Win64; x64) AppleWebKit/537.36 (KHTML, like Gecko) Chrome/65.0.3325.181 Safari/537.36',
  'accept' => 'text/html,application/xhtml+xml,application/xml;q=0.9,image/webp,image/apng,*/*;q=0.8',
  'accept-encoding' => 'gzip, deflate, br',
  'accept-language' => 'zh-CN,zh;q=0.9,en;q=0.8',
  'cookie' => '_ga=GA1.1.146608984.1514531436; pgv_pvi=1200644096; vip=0; phone=16688886666; SL_G_WPT_TO=zh-CN; SL_GWPT_Show_Hide_tmp=undefined; SL_wptGlobTipTmp=undefined',
)
[ info ] [ PARAM ] array (
)
[ info ] [ RUN ] app\index\controller\Index->show[ D:\phpStudy\WWW\cygw\application\index\controller\Index.php ]
[ info ] [ DB ] INIT mysql
[ info ] [ VIEW ] D:\phpStudy\WWW\cygw\public/../application/index\view\index\show.html [ array (
  0 => 'notice',
) ]
[ info ] [ LOG ] INIT File
[ sql ] [ DB ] CONNECT:[ UseTime:0.002000s ] mysql:host=127.0.0.1;dbname=college;charset=utf8
[ sql ] [ SQL ] SHOW COLUMNS FROM `notice` [ RunTime:0.005001s ]
[ sql ] [ SQL ] SELECT * FROM `notice` WHERE  `id` > 1 [ RunTime:0.000000s ]
---------------------------------------------------------------
[ 2018-04-12T22:41:16+08:00 ] 0.0.0.0 GET /cygw/public/index/index/show
[ info ] localhost:9096/cygw/public/index/index/show [运行时间：0.073004s][吞吐率：13.70req/s] [内存消耗：2,668.34kb] [文件加载：52]
[ info ] [ LANG ] D:\phpStudy\WWW\cygw\thinkphp\lang\zh-cn.php
[ info ] [ ROUTE ] array (
  'type' => 'module',
  'module' => 
  array (
    0 => 'index',
    1 => 'index',
    2 => 'show',
  ),
)
[ info ] [ HEADER ] array (
  'host' => 'localhost:9096',
  'connection' => 'keep-alive',
  'cache-control' => 'max-age=0',
  'upgrade-insecure-requests' => '1',
  'user-agent' => 'Mozilla/5.0 (Windows NT 6.1; Win64; x64) AppleWebKit/537.36 (KHTML, like Gecko) Chrome/65.0.3325.181 Safari/537.36',
  'accept' => 'text/html,application/xhtml+xml,application/xml;q=0.9,image/webp,image/apng,*/*;q=0.8',
  'accept-encoding' => 'gzip, deflate, br',
  'accept-language' => 'zh-CN,zh;q=0.9,en;q=0.8',
  'cookie' => '_ga=GA1.1.146608984.1514531436; pgv_pvi=1200644096; vip=0; phone=16688886666; SL_G_WPT_TO=zh-CN; SL_GWPT_Show_Hide_tmp=undefined; SL_wptGlobTipTmp=undefined',
)
[ info ] [ PARAM ] array (
)
[ info ] [ RUN ] app\index\controller\Index->show[ D:\phpStudy\WWW\cygw\application\index\controller\Index.php ]
[ info ] [ DB ] INIT mysql
[ info ] [ VIEW ] D:\phpStudy\WWW\cygw\public/../application/index\view\index\show.html [ array (
  0 => 'notice',
) ]
[ info ] [ LOG ] INIT File
[ sql ] [ DB ] CONNECT:[ UseTime:0.001000s ] mysql:host=127.0.0.1;dbname=college;charset=utf8
[ sql ] [ SQL ] SHOW COLUMNS FROM `notice` [ RunTime:0.007000s ]
[ sql ] [ SQL ] SELECT * FROM `notice` WHERE  `id` = 1 [ RunTime:0.001000s ]
---------------------------------------------------------------
[ 2018-04-12T22:41:17+08:00 ] 0.0.0.0 GET /cygw/public/index/index/show
[ info ] localhost:9096/cygw/public/index/index/show [运行时间：0.072004s][吞吐率：13.89req/s] [内存消耗：2,668.34kb] [文件加载：52]
[ info ] [ LANG ] D:\phpStudy\WWW\cygw\thinkphp\lang\zh-cn.php
[ info ] [ ROUTE ] array (
  'type' => 'module',
  'module' => 
  array (
    0 => 'index',
    1 => 'index',
    2 => 'show',
  ),
)
[ info ] [ HEADER ] array (
  'host' => 'localhost:9096',
  'connection' => 'keep-alive',
  'cache-control' => 'max-age=0',
  'upgrade-insecure-requests' => '1',
  'user-agent' => 'Mozilla/5.0 (Windows NT 6.1; Win64; x64) AppleWebKit/537.36 (KHTML, like Gecko) Chrome/65.0.3325.181 Safari/537.36',
  'accept' => 'text/html,application/xhtml+xml,application/xml;q=0.9,image/webp,image/apng,*/*;q=0.8',
  'accept-encoding' => 'gzip, deflate, br',
  'accept-language' => 'zh-CN,zh;q=0.9,en;q=0.8',
  'cookie' => '_ga=GA1.1.146608984.1514531436; pgv_pvi=1200644096; vip=0; phone=16688886666; SL_G_WPT_TO=zh-CN; SL_GWPT_Show_Hide_tmp=undefined; SL_wptGlobTipTmp=undefined',
)
[ info ] [ PARAM ] array (
)
[ info ] [ RUN ] app\index\controller\Index->show[ D:\phpStudy\WWW\cygw\application\index\controller\Index.php ]
[ info ] [ DB ] INIT mysql
[ info ] [ VIEW ] D:\phpStudy\WWW\cygw\public/../application/index\view\index\show.html [ array (
  0 => 'notice',
) ]
[ info ] [ LOG ] INIT File
[ sql ] [ DB ] CONNECT:[ UseTime:0.002000s ] mysql:host=127.0.0.1;dbname=college;charset=utf8
[ sql ] [ SQL ] SHOW COLUMNS FROM `notice` [ RunTime:0.005000s ]
[ sql ] [ SQL ] SELECT * FROM `notice` WHERE  `id` = 1 [ RunTime:0.000000s ]
---------------------------------------------------------------
[ 2018-04-12T22:41:53+08:00 ] 0.0.0.0 GET /cygw/public/index/index/show
[ info ] localhost:9096/cygw/public/index/index/show [运行时间：0.071005s][吞吐率：14.08req/s] [内存消耗：2,668.12kb] [文件加载：52]
[ info ] [ LANG ] D:\phpStudy\WWW\cygw\thinkphp\lang\zh-cn.php
[ info ] [ ROUTE ] array (
  'type' => 'module',
  'module' => 
  array (
    0 => 'index',
    1 => 'index',
    2 => 'show',
  ),
)
[ info ] [ HEADER ] array (
  'host' => 'localhost:9096',
  'connection' => 'keep-alive',
  'cache-control' => 'max-age=0',
  'upgrade-insecure-requests' => '1',
  'user-agent' => 'Mozilla/5.0 (Windows NT 6.1; Win64; x64) AppleWebKit/537.36 (KHTML, like Gecko) Chrome/65.0.3325.181 Safari/537.36',
  'accept' => 'text/html,application/xhtml+xml,application/xml;q=0.9,image/webp,image/apng,*/*;q=0.8',
  'accept-encoding' => 'gzip, deflate, br',
  'accept-language' => 'zh-CN,zh;q=0.9,en;q=0.8',
  'cookie' => '_ga=GA1.1.146608984.1514531436; pgv_pvi=1200644096; vip=0; phone=16688886666; SL_G_WPT_TO=zh-CN; SL_GWPT_Show_Hide_tmp=undefined; SL_wptGlobTipTmp=undefined',
)
[ info ] [ PARAM ] array (
)
[ info ] [ RUN ] app\index\controller\Index->show[ D:\phpStudy\WWW\cygw\application\index\controller\Index.php ]
[ info ] [ DB ] INIT mysql
[ info ] [ VIEW ] D:\phpStudy\WWW\cygw\public/../application/index\view\index\show.html [ array (
  0 => 'notice',
) ]
[ info ] [ LOG ] INIT File
[ sql ] [ DB ] CONNECT:[ UseTime:0.011001s ] mysql:host=127.0.0.1;dbname=college;charset=utf8
[ sql ] [ SQL ] SHOW COLUMNS FROM `notice` [ RunTime:0.006000s ]
[ sql ] [ SQL ] SELECT * FROM `notice` WHERE  `id` = 1 [ RunTime:0.001000s ]
---------------------------------------------------------------
[ 2018-04-12T22:44:11+08:00 ] 0.0.0.0 GET /cygw/public/index/index/show
[ info ] localhost:9096/cygw/public/index/index/show [运行时间：0.079004s][吞吐率：12.66req/s] [内存消耗：2,715.63kb] [文件加载：56]
[ info ] [ LANG ] D:\phpStudy\WWW\cygw\thinkphp\lang\zh-cn.php
[ info ] [ ROUTE ] array (
  'type' => 'module',
  'module' => 
  array (
    0 => 'index',
    1 => 'index',
    2 => 'show',
  ),
)
[ info ] [ HEADER ] array (
  'host' => 'localhost:9096',
  'connection' => 'keep-alive',
  'cache-control' => 'max-age=0',
  'upgrade-insecure-requests' => '1',
  'user-agent' => 'Mozilla/5.0 (Windows NT 6.1; Win64; x64) AppleWebKit/537.36 (KHTML, like Gecko) Chrome/65.0.3325.181 Safari/537.36',
  'accept' => 'text/html,application/xhtml+xml,application/xml;q=0.9,image/webp,image/apng,*/*;q=0.8',
  'accept-encoding' => 'gzip, deflate, br',
  'accept-language' => 'zh-CN,zh;q=0.9,en;q=0.8',
  'cookie' => '_ga=GA1.1.146608984.1514531436; pgv_pvi=1200644096; vip=0; phone=16688886666; SL_G_WPT_TO=zh-CN; SL_GWPT_Show_Hide_tmp=undefined; SL_wptGlobTipTmp=undefined',
)
[ info ] [ PARAM ] array (
)
[ info ] [ RUN ] app\index\controller\Index->show[ D:\phpStudy\WWW\cygw\application\index\controller\Index.php ]
[ info ] [ DB ] INIT mysql
[ info ] [ VIEW ] D:\phpStudy\WWW\cygw\public/../application/index\view\index\show.html [ array (
) ]
[ info ] [ LOG ] INIT File
[ sql ] [ DB ] CONNECT:[ UseTime:0.002000s ] mysql:host=127.0.0.1;dbname=college;charset=utf8
[ sql ] [ SQL ] SHOW COLUMNS FROM `notice` [ RunTime:0.007001s ]
[ sql ] [ SQL ] SELECT * FROM `notice` WHERE  `id` = 1 [ RunTime:0.000000s ]
[ error ] [8]未定义变量: notice[D:\phpStudy\WWW\cygw\runtime\temp\541eed440c9221f4f3f39543ab33eb39.php:19]
---------------------------------------------------------------
[ 2018-04-12T22:44:32+08:00 ] 0.0.0.0 GET /cygw/public/index/index/show
[ info ] localhost:9096/cygw/public/index/index/show [运行时间：0.060003s][吞吐率：16.67req/s] [内存消耗：2,715.63kb] [文件加载：56]
[ info ] [ LANG ] D:\phpStudy\WWW\cygw\thinkphp\lang\zh-cn.php
[ info ] [ ROUTE ] array (
  'type' => 'module',
  'module' => 
  array (
    0 => 'index',
    1 => 'index',
    2 => 'show',
  ),
)
[ info ] [ HEADER ] array (
  'host' => 'localhost:9096',
  'connection' => 'keep-alive',
  'cache-control' => 'max-age=0',
  'upgrade-insecure-requests' => '1',
  'user-agent' => 'Mozilla/5.0 (Windows NT 6.1; Win64; x64) AppleWebKit/537.36 (KHTML, like Gecko) Chrome/65.0.3325.181 Safari/537.36',
  'accept' => 'text/html,application/xhtml+xml,application/xml;q=0.9,image/webp,image/apng,*/*;q=0.8',
  'accept-encoding' => 'gzip, deflate, br',
  'accept-language' => 'zh-CN,zh;q=0.9,en;q=0.8',
  'cookie' => '_ga=GA1.1.146608984.1514531436; pgv_pvi=1200644096; vip=0; phone=16688886666; SL_G_WPT_TO=zh-CN; SL_GWPT_Show_Hide_tmp=undefined; SL_wptGlobTipTmp=undefined',
)
[ info ] [ PARAM ] array (
)
[ info ] [ RUN ] app\index\controller\Index->show[ D:\phpStudy\WWW\cygw\application\index\controller\Index.php ]
[ info ] [ DB ] INIT mysql
[ info ] [ VIEW ] D:\phpStudy\WWW\cygw\public/../application/index\view\index\show.html [ array (
) ]
[ info ] [ LOG ] INIT File
[ sql ] [ DB ] CONNECT:[ UseTime:0.002001s ] mysql:host=127.0.0.1;dbname=college;charset=utf8
[ sql ] [ SQL ] SHOW COLUMNS FROM `notice` [ RunTime:0.008000s ]
[ sql ] [ SQL ] SELECT * FROM `notice` WHERE  `id` = 1 [ RunTime:0.000000s ]
[ error ] [8]未定义变量: notice[D:\phpStudy\WWW\cygw\runtime\temp\541eed440c9221f4f3f39543ab33eb39.php:19]
---------------------------------------------------------------
[ 2018-04-12T22:44:44+08:00 ] 0.0.0.0 GET /cygw/public/index/index/show
[ info ] localhost:9096/cygw/public/index/index/show [运行时间：0.066004s][吞吐率：15.15req/s] [内存消耗：2,715.39kb] [文件加载：56]
[ info ] [ LANG ] D:\phpStudy\WWW\cygw\thinkphp\lang\zh-cn.php
[ info ] [ ROUTE ] array (
  'type' => 'module',
  'module' => 
  array (
    0 => 'index',
    1 => 'index',
    2 => 'show',
  ),
)
[ info ] [ HEADER ] array (
  'host' => 'localhost:9096',
  'connection' => 'keep-alive',
  'upgrade-insecure-requests' => '1',
  'user-agent' => 'Mozilla/5.0 (Windows NT 6.1; Win64; x64) AppleWebKit/537.36 (KHTML, like Gecko) Chrome/65.0.3325.181 Safari/537.36',
  'accept' => 'text/html,application/xhtml+xml,application/xml;q=0.9,image/webp,image/apng,*/*;q=0.8',
  'accept-encoding' => 'gzip, deflate, br',
  'accept-language' => 'zh-CN,zh;q=0.9,en;q=0.8',
  'cookie' => '_ga=GA1.1.146608984.1514531436; pgv_pvi=1200644096; vip=0; phone=16688886666; SL_G_WPT_TO=zh-CN; SL_GWPT_Show_Hide_tmp=undefined; SL_wptGlobTipTmp=undefined',
)
[ info ] [ PARAM ] array (
)
[ info ] [ RUN ] app\index\controller\Index->show[ D:\phpStudy\WWW\cygw\application\index\controller\Index.php ]
[ info ] [ DB ] INIT mysql
[ info ] [ VIEW ] D:\phpStudy\WWW\cygw\public/../application/index\view\index\show.html [ array (
) ]
[ info ] [ LOG ] INIT File
[ sql ] [ DB ] CONNECT:[ UseTime:0.002000s ] mysql:host=127.0.0.1;dbname=college;charset=utf8
[ sql ] [ SQL ] SHOW COLUMNS FROM `notice` [ RunTime:0.007001s ]
[ sql ] [ SQL ] SELECT * FROM `notice` WHERE  `id` = 1 [ RunTime:0.000000s ]
[ error ] [8]未定义变量: notice[D:\phpStudy\WWW\cygw\runtime\temp\541eed440c9221f4f3f39543ab33eb39.php:19]
---------------------------------------------------------------
[ 2018-04-12T22:45:09+08:00 ] 0.0.0.0 GET /cygw/public/index/index/show
[ info ] localhost:9096/cygw/public/index/index/show [运行时间：0.061003s][吞吐率：16.39req/s] [内存消耗：2,676.30kb] [文件加载：52]
[ info ] [ LANG ] D:\phpStudy\WWW\cygw\thinkphp\lang\zh-cn.php
[ info ] [ ROUTE ] array (
  'type' => 'module',
  'module' => 
  array (
    0 => 'index',
    1 => 'index',
    2 => 'show',
  ),
)
[ info ] [ HEADER ] array (
  'host' => 'localhost:9096',
  'connection' => 'keep-alive',
  'cache-control' => 'max-age=0',
  'upgrade-insecure-requests' => '1',
  'user-agent' => 'Mozilla/5.0 (Windows NT 6.1; Win64; x64) AppleWebKit/537.36 (KHTML, like Gecko) Chrome/65.0.3325.181 Safari/537.36',
  'accept' => 'text/html,application/xhtml+xml,application/xml;q=0.9,image/webp,image/apng,*/*;q=0.8',
  'accept-encoding' => 'gzip, deflate, br',
  'accept-language' => 'zh-CN,zh;q=0.9,en;q=0.8',
  'cookie' => '_ga=GA1.1.146608984.1514531436; pgv_pvi=1200644096; vip=0; phone=16688886666; SL_G_WPT_TO=zh-CN; SL_GWPT_Show_Hide_tmp=undefined; SL_wptGlobTipTmp=undefined',
)
[ info ] [ PARAM ] array (
)
[ info ] [ RUN ] app\index\controller\Index->show[ D:\phpStudy\WWW\cygw\application\index\controller\Index.php ]
[ info ] [ DB ] INIT mysql
[ info ] [ VIEW ] D:\phpStudy\WWW\cygw\public/../application/index\view\index\show.html [ array (
  0 => 'notice',
) ]
[ info ] [ LOG ] INIT File
[ sql ] [ DB ] CONNECT:[ UseTime:0.002000s ] mysql:host=127.0.0.1;dbname=college;charset=utf8
[ sql ] [ SQL ] SHOW COLUMNS FROM `notice` [ RunTime:0.006000s ]
[ sql ] [ SQL ] SELECT * FROM `notice` WHERE  `id` = 1 [ RunTime:0.000000s ]
---------------------------------------------------------------
[ 2018-04-12T22:45:19+08:00 ] 0.0.0.0 GET /cygw/public/admin/index/show
[ info ] localhost:9096/cygw/public/admin/index/show [运行时间：0.057003s][吞吐率：17.54req/s] [内存消耗：1,617.57kb] [文件加载：45]
[ info ] [ LANG ] D:\phpStudy\WWW\cygw\thinkphp\lang\zh-cn.php
[ info ] [ ROUTE ] array (
  'type' => 'module',
  'module' => 
  array (
    0 => 'admin',
    1 => 'index',
    2 => 'show',
  ),
)
[ info ] [ HEADER ] array (
  'host' => 'localhost:9096',
  'connection' => 'keep-alive',
  'cache-control' => 'max-age=0',
  'upgrade-insecure-requests' => '1',
  'user-agent' => 'Mozilla/5.0 (Windows NT 6.1; Win64; x64) AppleWebKit/537.36 (KHTML, like Gecko) Chrome/65.0.3325.181 Safari/537.36',
  'accept' => 'text/html,application/xhtml+xml,application/xml;q=0.9,image/webp,image/apng,*/*;q=0.8',
  'accept-encoding' => 'gzip, deflate, br',
  'accept-language' => 'zh-CN,zh;q=0.9,en;q=0.8',
  'cookie' => '_ga=GA1.1.146608984.1514531436; pgv_pvi=1200644096; vip=0; phone=16688886666; SL_G_WPT_TO=zh-CN; SL_GWPT_Show_Hide_tmp=undefined; SL_wptGlobTipTmp=undefined',
)
[ info ] [ PARAM ] array (
)
[ info ] [ LOG ] INIT File
---------------------------------------------------------------
[ 2018-04-12T22:45:25+08:00 ] 0.0.0.0 GET /cygw/public/index/index/show
[ info ] localhost:9096/cygw/public/index/index/show [运行时间：0.065004s][吞吐率：15.38req/s] [内存消耗：2,676.30kb] [文件加载：52]
[ info ] [ LANG ] D:\phpStudy\WWW\cygw\thinkphp\lang\zh-cn.php
[ info ] [ ROUTE ] array (
  'type' => 'module',
  'module' => 
  array (
    0 => 'index',
    1 => 'index',
    2 => 'show',
  ),
)
[ info ] [ HEADER ] array (
  'host' => 'localhost:9096',
  'connection' => 'keep-alive',
  'cache-control' => 'max-age=0',
  'upgrade-insecure-requests' => '1',
  'user-agent' => 'Mozilla/5.0 (Windows NT 6.1; Win64; x64) AppleWebKit/537.36 (KHTML, like Gecko) Chrome/65.0.3325.181 Safari/537.36',
  'accept' => 'text/html,application/xhtml+xml,application/xml;q=0.9,image/webp,image/apng,*/*;q=0.8',
  'accept-encoding' => 'gzip, deflate, br',
  'accept-language' => 'zh-CN,zh;q=0.9,en;q=0.8',
  'cookie' => '_ga=GA1.1.146608984.1514531436; pgv_pvi=1200644096; vip=0; phone=16688886666; SL_G_WPT_TO=zh-CN; SL_GWPT_Show_Hide_tmp=undefined; SL_wptGlobTipTmp=undefined',
)
[ info ] [ PARAM ] array (
)
[ info ] [ RUN ] app\index\controller\Index->show[ D:\phpStudy\WWW\cygw\application\index\controller\Index.php ]
[ info ] [ DB ] INIT mysql
[ info ] [ VIEW ] D:\phpStudy\WWW\cygw\public/../application/index\view\index\show.html [ array (
  0 => 'notice',
) ]
[ info ] [ LOG ] INIT File
[ sql ] [ DB ] CONNECT:[ UseTime:0.002001s ] mysql:host=127.0.0.1;dbname=college;charset=utf8
[ sql ] [ SQL ] SHOW COLUMNS FROM `notice` [ RunTime:0.006000s ]
[ sql ] [ SQL ] SELECT * FROM `notice` WHERE  `id` = 1 [ RunTime:0.001000s ]
---------------------------------------------------------------
[ 2018-04-12T22:46:38+08:00 ] 0.0.0.0 GET /cygw/public/index/index/show
[ info ] localhost:9096/cygw/public/index/index/show [运行时间：0.081004s][吞吐率：12.35req/s] [内存消耗：2,668.38kb] [文件加载：52]
[ info ] [ LANG ] D:\phpStudy\WWW\cygw\thinkphp\lang\zh-cn.php
[ info ] [ ROUTE ] array (
  'type' => 'module',
  'module' => 
  array (
    0 => 'index',
    1 => 'index',
    2 => 'show',
  ),
)
[ info ] [ HEADER ] array (
  'host' => 'localhost:9096',
  'connection' => 'keep-alive',
  'cache-control' => 'max-age=0',
  'upgrade-insecure-requests' => '1',
  'user-agent' => 'Mozilla/5.0 (Windows NT 6.1; Win64; x64) AppleWebKit/537.36 (KHTML, like Gecko) Chrome/65.0.3325.181 Safari/537.36',
  'accept' => 'text/html,application/xhtml+xml,application/xml;q=0.9,image/webp,image/apng,*/*;q=0.8',
  'accept-encoding' => 'gzip, deflate, br',
  'accept-language' => 'zh-CN,zh;q=0.9,en;q=0.8',
  'cookie' => '_ga=GA1.1.146608984.1514531436; pgv_pvi=1200644096; vip=0; phone=16688886666; SL_G_WPT_TO=zh-CN; SL_GWPT_Show_Hide_tmp=undefined; SL_wptGlobTipTmp=undefined',
)
[ info ] [ PARAM ] array (
)
[ info ] [ RUN ] app\index\controller\Index->show[ D:\phpStudy\WWW\cygw\application\index\controller\Index.php ]
[ info ] [ DB ] INIT mysql
[ info ] [ VIEW ] D:\phpStudy\WWW\cygw\public/../application/index\view\index\show.html [ array (
  0 => 'notice',
) ]
[ info ] [ LOG ] INIT File
[ sql ] [ DB ] CONNECT:[ UseTime:0.002000s ] mysql:host=127.0.0.1;dbname=college;charset=utf8
[ sql ] [ SQL ] SHOW COLUMNS FROM `notice` [ RunTime:0.009001s ]
[ sql ] [ SQL ] SELECT * FROM `notice` WHERE  `id` = 1 [ RunTime:0.000000s ]
---------------------------------------------------------------
[ 2018-04-12T22:47:30+08:00 ] 0.0.0.0 GET /cygw/public/index/index/show
[ info ] localhost:9096/cygw/public/index/index/show [运行时间：0.058003s][吞吐率：17.24req/s] [内存消耗：2,668.38kb] [文件加载：52]
[ info ] [ LANG ] D:\phpStudy\WWW\cygw\thinkphp\lang\zh-cn.php
[ info ] [ ROUTE ] array (
  'type' => 'module',
  'module' => 
  array (
    0 => 'index',
    1 => 'index',
    2 => 'show',
  ),
)
[ info ] [ HEADER ] array (
  'host' => 'localhost:9096',
  'connection' => 'keep-alive',
  'cache-control' => 'max-age=0',
  'upgrade-insecure-requests' => '1',
  'user-agent' => 'Mozilla/5.0 (Windows NT 6.1; Win64; x64) AppleWebKit/537.36 (KHTML, like Gecko) Chrome/65.0.3325.181 Safari/537.36',
  'accept' => 'text/html,application/xhtml+xml,application/xml;q=0.9,image/webp,image/apng,*/*;q=0.8',
  'accept-encoding' => 'gzip, deflate, br',
  'accept-language' => 'zh-CN,zh;q=0.9,en;q=0.8',
  'cookie' => '_ga=GA1.1.146608984.1514531436; pgv_pvi=1200644096; vip=0; phone=16688886666; SL_G_WPT_TO=zh-CN; SL_GWPT_Show_Hide_tmp=undefined; SL_wptGlobTipTmp=undefined',
)
[ info ] [ PARAM ] array (
)
[ info ] [ RUN ] app\index\controller\Index->show[ D:\phpStudy\WWW\cygw\application\index\controller\Index.php ]
[ info ] [ DB ] INIT mysql
[ info ] [ VIEW ] D:\phpStudy\WWW\cygw\public/../application/index\view\index\show.html [ array (
  0 => 'notice',
) ]
[ info ] [ LOG ] INIT File
[ sql ] [ DB ] CONNECT:[ UseTime:0.002000s ] mysql:host=127.0.0.1;dbname=college;charset=utf8
[ sql ] [ SQL ] SHOW COLUMNS FROM `notice` [ RunTime:0.006000s ]
[ sql ] [ SQL ] SELECT * FROM `notice` WHERE  `id` = 1 [ RunTime:0.001000s ]
---------------------------------------------------------------
[ 2018-04-12T22:47:31+08:00 ] 0.0.0.0 GET /cygw/public/index/index/show
[ info ] localhost:9096/cygw/public/index/index/show [运行时间：0.073005s][吞吐率：13.70req/s] [内存消耗：2,668.38kb] [文件加载：52]
[ info ] [ LANG ] D:\phpStudy\WWW\cygw\thinkphp\lang\zh-cn.php
[ info ] [ ROUTE ] array (
  'type' => 'module',
  'module' => 
  array (
    0 => 'index',
    1 => 'index',
    2 => 'show',
  ),
)
[ info ] [ HEADER ] array (
  'host' => 'localhost:9096',
  'connection' => 'keep-alive',
  'cache-control' => 'max-age=0',
  'upgrade-insecure-requests' => '1',
  'user-agent' => 'Mozilla/5.0 (Windows NT 6.1; Win64; x64) AppleWebKit/537.36 (KHTML, like Gecko) Chrome/65.0.3325.181 Safari/537.36',
  'accept' => 'text/html,application/xhtml+xml,application/xml;q=0.9,image/webp,image/apng,*/*;q=0.8',
  'accept-encoding' => 'gzip, deflate, br',
  'accept-language' => 'zh-CN,zh;q=0.9,en;q=0.8',
  'cookie' => '_ga=GA1.1.146608984.1514531436; pgv_pvi=1200644096; vip=0; phone=16688886666; SL_G_WPT_TO=zh-CN; SL_GWPT_Show_Hide_tmp=undefined; SL_wptGlobTipTmp=undefined',
)
[ info ] [ PARAM ] array (
)
[ info ] [ RUN ] app\index\controller\Index->show[ D:\phpStudy\WWW\cygw\application\index\controller\Index.php ]
[ info ] [ DB ] INIT mysql
[ info ] [ VIEW ] D:\phpStudy\WWW\cygw\public/../application/index\view\index\show.html [ array (
  0 => 'notice',
) ]
[ info ] [ LOG ] INIT File
[ sql ] [ DB ] CONNECT:[ UseTime:0.011001s ] mysql:host=127.0.0.1;dbname=college;charset=utf8
[ sql ] [ SQL ] SHOW COLUMNS FROM `notice` [ RunTime:0.005000s ]
[ sql ] [ SQL ] SELECT * FROM `notice` WHERE  `id` = 1 [ RunTime:0.000000s ]
---------------------------------------------------------------
[ 2018-04-12T22:48:37+08:00 ] 0.0.0.0 GET /cygw/public/index/index/show
[ info ] localhost:9096/cygw/public/index/index/show [运行时间：0.052003s][吞吐率：19.23req/s] [内存消耗：2,662.30kb] [文件加载：54]
[ info ] [ LANG ] D:\phpStudy\WWW\cygw\thinkphp\lang\zh-cn.php
[ info ] [ ROUTE ] array (
  'type' => 'module',
  'module' => 
  array (
    0 => 'index',
    1 => 'index',
    2 => 'show',
  ),
)
[ info ] [ HEADER ] array (
  'host' => 'localhost:9096',
  'connection' => 'keep-alive',
  'cache-control' => 'max-age=0',
  'upgrade-insecure-requests' => '1',
  'user-agent' => 'Mozilla/5.0 (Windows NT 6.1; Win64; x64) AppleWebKit/537.36 (KHTML, like Gecko) Chrome/65.0.3325.181 Safari/537.36',
  'accept' => 'text/html,application/xhtml+xml,application/xml;q=0.9,image/webp,image/apng,*/*;q=0.8',
  'accept-encoding' => 'gzip, deflate, br',
  'accept-language' => 'zh-CN,zh;q=0.9,en;q=0.8',
  'cookie' => '_ga=GA1.1.146608984.1514531436; pgv_pvi=1200644096; vip=0; phone=16688886666; SL_G_WPT_TO=zh-CN; SL_GWPT_Show_Hide_tmp=undefined; SL_wptGlobTipTmp=undefined',
)
[ info ] [ PARAM ] array (
)
[ info ] [ RUN ] app\index\controller\Index->show[ D:\phpStudy\WWW\cygw\application\index\controller\Index.php ]
[ info ] [ DB ] INIT mysql
[ info ] [ LOG ] INIT File
[ error ] [1]Class 'app\admin\model\Db' not found[D:\phpStudy\WWW\cygw\application\admin\model\Notice.php:39]
---------------------------------------------------------------
[ 2018-04-12T22:49:08+08:00 ] 0.0.0.0 GET /cygw/public/index/index/show
[ info ] localhost:9096/cygw/public/index/index/show [运行时间：0.076004s][吞吐率：13.16req/s] [内存消耗：2,672.14kb] [文件加载：52]
[ info ] [ LANG ] D:\phpStudy\WWW\cygw\thinkphp\lang\zh-cn.php
[ info ] [ ROUTE ] array (
  'type' => 'module',
  'module' => 
  array (
    0 => 'index',
    1 => 'index',
    2 => 'show',
  ),
)
[ info ] [ HEADER ] array (
  'host' => 'localhost:9096',
  'connection' => 'keep-alive',
  'cache-control' => 'max-age=0',
  'upgrade-insecure-requests' => '1',
  'user-agent' => 'Mozilla/5.0 (Windows NT 6.1; Win64; x64) AppleWebKit/537.36 (KHTML, like Gecko) Chrome/65.0.3325.181 Safari/537.36',
  'accept' => 'text/html,application/xhtml+xml,application/xml;q=0.9,image/webp,image/apng,*/*;q=0.8',
  'accept-encoding' => 'gzip, deflate, br',
  'accept-language' => 'zh-CN,zh;q=0.9,en;q=0.8',
  'cookie' => '_ga=GA1.1.146608984.1514531436; pgv_pvi=1200644096; vip=0; phone=16688886666; SL_G_WPT_TO=zh-CN; SL_GWPT_Show_Hide_tmp=undefined; SL_wptGlobTipTmp=undefined',
)
[ info ] [ PARAM ] array (
)
[ info ] [ RUN ] app\index\controller\Index->show[ D:\phpStudy\WWW\cygw\application\index\controller\Index.php ]
[ info ] [ DB ] INIT mysql
[ info ] [ VIEW ] D:\phpStudy\WWW\cygw\public/../application/index\view\index\show.html [ array (
  0 => 'notice',
) ]
[ info ] [ LOG ] INIT File
[ sql ] [ DB ] CONNECT:[ UseTime:0.002001s ] mysql:host=127.0.0.1;dbname=college;charset=utf8
[ sql ] [ SQL ] SHOW COLUMNS FROM `notice` [ RunTime:0.008000s ]
[ sql ] [ SQL ] SELECT * FROM `notice` WHERE  `id` >= 1 [ RunTime:0.001000s ]
---------------------------------------------------------------
[ 2018-04-12T22:49:55+08:00 ] 0.0.0.0 GET /cygw/public/index/index/show
[ info ] localhost:9096/cygw/public/index/index/show [运行时间：0.063003s][吞吐率：15.87req/s] [内存消耗：2,672.08kb] [文件加载：52]
[ info ] [ LANG ] D:\phpStudy\WWW\cygw\thinkphp\lang\zh-cn.php
[ info ] [ ROUTE ] array (
  'type' => 'module',
  'module' => 
  array (
    0 => 'index',
    1 => 'index',
    2 => 'show',
  ),
)
[ info ] [ HEADER ] array (
  'host' => 'localhost:9096',
  'connection' => 'keep-alive',
  'cache-control' => 'max-age=0',
  'upgrade-insecure-requests' => '1',
  'user-agent' => 'Mozilla/5.0 (Windows NT 6.1; Win64; x64) AppleWebKit/537.36 (KHTML, like Gecko) Chrome/65.0.3325.181 Safari/537.36',
  'accept' => 'text/html,application/xhtml+xml,application/xml;q=0.9,image/webp,image/apng,*/*;q=0.8',
  'accept-encoding' => 'gzip, deflate, br',
  'accept-language' => 'zh-CN,zh;q=0.9,en;q=0.8',
  'cookie' => '_ga=GA1.1.146608984.1514531436; pgv_pvi=1200644096; vip=0; phone=16688886666; SL_G_WPT_TO=zh-CN; SL_GWPT_Show_Hide_tmp=undefined; SL_wptGlobTipTmp=undefined',
)
[ info ] [ PARAM ] array (
)
[ info ] [ RUN ] app\index\controller\Index->show[ D:\phpStudy\WWW\cygw\application\index\controller\Index.php ]
[ info ] [ DB ] INIT mysql
[ info ] [ VIEW ] D:\phpStudy\WWW\cygw\public/../application/index\view\index\show.html [ array (
  0 => 'notice',
) ]
[ info ] [ LOG ] INIT File
[ sql ] [ DB ] CONNECT:[ UseTime:0.002000s ] mysql:host=127.0.0.1;dbname=college;charset=utf8
[ sql ] [ SQL ] SHOW COLUMNS FROM `notice` [ RunTime:0.007000s ]
[ sql ] [ SQL ] SELECT * FROM `notice` WHERE  `id` >= 1 [ RunTime:0.001000s ]
---------------------------------------------------------------
[ 2018-04-12T22:49:56+08:00 ] 0.0.0.0 GET /cygw/public/index/index/show
[ info ] localhost:9096/cygw/public/index/index/show [运行时间：0.076005s][吞吐率：13.16req/s] [内存消耗：2,672.08kb] [文件加载：52]
[ info ] [ LANG ] D:\phpStudy\WWW\cygw\thinkphp\lang\zh-cn.php
[ info ] [ ROUTE ] array (
  'type' => 'module',
  'module' => 
  array (
    0 => 'index',
    1 => 'index',
    2 => 'show',
  ),
)
[ info ] [ HEADER ] array (
  'host' => 'localhost:9096',
  'connection' => 'keep-alive',
  'cache-control' => 'max-age=0',
  'upgrade-insecure-requests' => '1',
  'user-agent' => 'Mozilla/5.0 (Windows NT 6.1; Win64; x64) AppleWebKit/537.36 (KHTML, like Gecko) Chrome/65.0.3325.181 Safari/537.36',
  'accept' => 'text/html,application/xhtml+xml,application/xml;q=0.9,image/webp,image/apng,*/*;q=0.8',
  'accept-encoding' => 'gzip, deflate, br',
  'accept-language' => 'zh-CN,zh;q=0.9,en;q=0.8',
  'cookie' => '_ga=GA1.1.146608984.1514531436; pgv_pvi=1200644096; vip=0; phone=16688886666; SL_G_WPT_TO=zh-CN; SL_GWPT_Show_Hide_tmp=undefined; SL_wptGlobTipTmp=undefined',
)
[ info ] [ PARAM ] array (
)
[ info ] [ RUN ] app\index\controller\Index->show[ D:\phpStudy\WWW\cygw\application\index\controller\Index.php ]
[ info ] [ DB ] INIT mysql
[ info ] [ VIEW ] D:\phpStudy\WWW\cygw\public/../application/index\view\index\show.html [ array (
  0 => 'notice',
) ]
[ info ] [ LOG ] INIT File
[ sql ] [ DB ] CONNECT:[ UseTime:0.011001s ] mysql:host=127.0.0.1;dbname=college;charset=utf8
[ sql ] [ SQL ] SHOW COLUMNS FROM `notice` [ RunTime:0.006000s ]
[ sql ] [ SQL ] SELECT * FROM `notice` WHERE  `id` >= 1 [ RunTime:0.001001s ]
---------------------------------------------------------------
[ 2018-04-12T22:50:08+08:00 ] 0.0.0.0 GET /cygw/public/index/index/show
[ info ] localhost:9096/cygw/public/index/index/show [运行时间：0.057003s][吞吐率：17.54req/s] [内存消耗：2,672.08kb] [文件加载：52]
[ info ] [ LANG ] D:\phpStudy\WWW\cygw\thinkphp\lang\zh-cn.php
[ info ] [ ROUTE ] array (
  'type' => 'module',
  'module' => 
  array (
    0 => 'index',
    1 => 'index',
    2 => 'show',
  ),
)
[ info ] [ HEADER ] array (
  'host' => 'localhost:9096',
  'connection' => 'keep-alive',
  'cache-control' => 'max-age=0',
  'upgrade-insecure-requests' => '1',
  'user-agent' => 'Mozilla/5.0 (Windows NT 6.1; Win64; x64) AppleWebKit/537.36 (KHTML, like Gecko) Chrome/65.0.3325.181 Safari/537.36',
  'accept' => 'text/html,application/xhtml+xml,application/xml;q=0.9,image/webp,image/apng,*/*;q=0.8',
  'accept-encoding' => 'gzip, deflate, br',
  'accept-language' => 'zh-CN,zh;q=0.9,en;q=0.8',
  'cookie' => '_ga=GA1.1.146608984.1514531436; pgv_pvi=1200644096; vip=0; phone=16688886666; SL_G_WPT_TO=zh-CN; SL_GWPT_Show_Hide_tmp=undefined; SL_wptGlobTipTmp=undefined',
)
[ info ] [ PARAM ] array (
)
[ info ] [ RUN ] app\index\controller\Index->show[ D:\phpStudy\WWW\cygw\application\index\controller\Index.php ]
[ info ] [ DB ] INIT mysql
[ info ] [ VIEW ] D:\phpStudy\WWW\cygw\public/../application/index\view\index\show.html [ array (
  0 => 'notice',
) ]
[ info ] [ LOG ] INIT File
[ sql ] [ DB ] CONNECT:[ UseTime:0.002000s ] mysql:host=127.0.0.1;dbname=college;charset=utf8
[ sql ] [ SQL ] SHOW COLUMNS FROM `notice` [ RunTime:0.006000s ]
[ sql ] [ SQL ] SELECT * FROM `notice` WHERE  `id` >= 1 [ RunTime:0.001000s ]
---------------------------------------------------------------
[ 2018-04-12T22:50:51+08:00 ] 0.0.0.0 GET /cygw/public/index/index/show
[ info ] localhost:9096/cygw/public/index/index/show [运行时间：0.052003s][吞吐率：19.23req/s] [内存消耗：2,672.08kb] [文件加载：52]
[ info ] [ LANG ] D:\phpStudy\WWW\cygw\thinkphp\lang\zh-cn.php
[ info ] [ ROUTE ] array (
  'type' => 'module',
  'module' => 
  array (
    0 => 'index',
    1 => 'index',
    2 => 'show',
  ),
)
[ info ] [ HEADER ] array (
  'host' => 'localhost:9096',
  'connection' => 'keep-alive',
  'cache-control' => 'max-age=0',
  'upgrade-insecure-requests' => '1',
  'user-agent' => 'Mozilla/5.0 (Windows NT 6.1; Win64; x64) AppleWebKit/537.36 (KHTML, like Gecko) Chrome/65.0.3325.181 Safari/537.36',
  'accept' => 'text/html,application/xhtml+xml,application/xml;q=0.9,image/webp,image/apng,*/*;q=0.8',
  'accept-encoding' => 'gzip, deflate, br',
  'accept-language' => 'zh-CN,zh;q=0.9,en;q=0.8',
  'cookie' => '_ga=GA1.1.146608984.1514531436; pgv_pvi=1200644096; vip=0; phone=16688886666; SL_G_WPT_TO=zh-CN; SL_GWPT_Show_Hide_tmp=undefined; SL_wptGlobTipTmp=undefined',
)
[ info ] [ PARAM ] array (
)
[ info ] [ RUN ] app\index\controller\Index->show[ D:\phpStudy\WWW\cygw\application\index\controller\Index.php ]
[ info ] [ DB ] INIT mysql
[ info ] [ VIEW ] D:\phpStudy\WWW\cygw\public/../application/index\view\index\show.html [ array (
  0 => 'notice',
) ]
[ info ] [ LOG ] INIT File
[ sql ] [ DB ] CONNECT:[ UseTime:0.002000s ] mysql:host=127.0.0.1;dbname=college;charset=utf8
[ sql ] [ SQL ] SHOW COLUMNS FROM `notice` [ RunTime:0.006000s ]
[ sql ] [ SQL ] SELECT * FROM `notice` WHERE  `id` >= 1 [ RunTime:0.001000s ]
---------------------------------------------------------------
[ 2018-04-12T22:51:48+08:00 ] 0.0.0.0 GET /cygw/public/index/index/show
[ info ] localhost:9096/cygw/public/index/index/show [运行时间：0.073004s][吞吐率：13.70req/s] [内存消耗：2,674.38kb] [文件加载：52]
[ info ] [ LANG ] D:\phpStudy\WWW\cygw\thinkphp\lang\zh-cn.php
[ info ] [ ROUTE ] array (
  'type' => 'module',
  'module' => 
  array (
    0 => 'index',
    1 => 'index',
    2 => 'show',
  ),
)
[ info ] [ HEADER ] array (
  'host' => 'localhost:9096',
  'connection' => 'keep-alive',
  'cache-control' => 'max-age=0',
  'upgrade-insecure-requests' => '1',
  'user-agent' => 'Mozilla/5.0 (Windows NT 6.1; Win64; x64) AppleWebKit/537.36 (KHTML, like Gecko) Chrome/65.0.3325.181 Safari/537.36',
  'accept' => 'text/html,application/xhtml+xml,application/xml;q=0.9,image/webp,image/apng,*/*;q=0.8',
  'accept-encoding' => 'gzip, deflate, br',
  'accept-language' => 'zh-CN,zh;q=0.9,en;q=0.8',
  'cookie' => '_ga=GA1.1.146608984.1514531436; pgv_pvi=1200644096; vip=0; phone=16688886666; SL_G_WPT_TO=zh-CN; SL_GWPT_Show_Hide_tmp=undefined; SL_wptGlobTipTmp=undefined',
)
[ info ] [ PARAM ] array (
)
[ info ] [ RUN ] app\index\controller\Index->show[ D:\phpStudy\WWW\cygw\application\index\controller\Index.php ]
[ info ] [ DB ] INIT mysql
[ info ] [ VIEW ] D:\phpStudy\WWW\cygw\public/../application/index\view\index\show.html [ array (
  0 => 'notice',
) ]
[ info ] [ LOG ] INIT File
[ sql ] [ DB ] CONNECT:[ UseTime:0.002000s ] mysql:host=127.0.0.1;dbname=college;charset=utf8
[ sql ] [ SQL ] SHOW COLUMNS FROM `notice` [ RunTime:0.007001s ]
[ sql ] [ SQL ] SELECT * FROM `notice` WHERE  `id` >= 1 [ RunTime:0.000000s ]
---------------------------------------------------------------
[ 2018-04-12T22:53:39+08:00 ] 0.0.0.0 GET /cygw/public/index/index/show
[ info ] localhost:9096/cygw/public/index/index/show [运行时间：0.063004s][吞吐率：15.87req/s] [内存消耗：2,678.94kb] [文件加载：52]
[ info ] [ LANG ] D:\phpStudy\WWW\cygw\thinkphp\lang\zh-cn.php
[ info ] [ ROUTE ] array (
  'type' => 'module',
  'module' => 
  array (
    0 => 'index',
    1 => 'index',
    2 => 'show',
  ),
)
[ info ] [ HEADER ] array (
  'host' => 'localhost:9096',
  'connection' => 'keep-alive',
  'cache-control' => 'max-age=0',
  'upgrade-insecure-requests' => '1',
  'user-agent' => 'Mozilla/5.0 (Windows NT 6.1; Win64; x64) AppleWebKit/537.36 (KHTML, like Gecko) Chrome/65.0.3325.181 Safari/537.36',
  'accept' => 'text/html,application/xhtml+xml,application/xml;q=0.9,image/webp,image/apng,*/*;q=0.8',
  'accept-encoding' => 'gzip, deflate, br',
  'accept-language' => 'zh-CN,zh;q=0.9,en;q=0.8',
  'cookie' => '_ga=GA1.1.146608984.1514531436; pgv_pvi=1200644096; vip=0; phone=16688886666; SL_G_WPT_TO=zh-CN; SL_GWPT_Show_Hide_tmp=undefined; SL_wptGlobTipTmp=undefined',
)
[ info ] [ PARAM ] array (
)
[ info ] [ RUN ] app\index\controller\Index->show[ D:\phpStudy\WWW\cygw\application\index\controller\Index.php ]
[ info ] [ DB ] INIT mysql
[ info ] [ VIEW ] D:\phpStudy\WWW\cygw\public/../application/index\view\index\show.html [ array (
  0 => 'notice',
) ]
[ info ] [ LOG ] INIT File
[ sql ] [ DB ] CONNECT:[ UseTime:0.002000s ] mysql:host=127.0.0.1;dbname=college;charset=utf8
[ sql ] [ SQL ] SHOW COLUMNS FROM `notice` [ RunTime:0.007000s ]
[ sql ] [ SQL ] SELECT * FROM `notice` WHERE  `id` > 1 [ RunTime:0.001000s ]
---------------------------------------------------------------
[ 2018-04-12T22:53:50+08:00 ] 0.0.0.0 GET /cygw/public/index/index/show
[ info ] localhost:9096/cygw/public/index/index/show [运行时间：0.092005s][吞吐率：10.87req/s] [内存消耗：2,682.14kb] [文件加载：52]
[ info ] [ LANG ] D:\phpStudy\WWW\cygw\thinkphp\lang\zh-cn.php
[ info ] [ ROUTE ] array (
  'type' => 'module',
  'module' => 
  array (
    0 => 'index',
    1 => 'index',
    2 => 'show',
  ),
)
[ info ] [ HEADER ] array (
  'host' => 'localhost:9096',
  'connection' => 'keep-alive',
  'cache-control' => 'max-age=0',
  'upgrade-insecure-requests' => '1',
  'user-agent' => 'Mozilla/5.0 (Windows NT 6.1; Win64; x64) AppleWebKit/537.36 (KHTML, like Gecko) Chrome/65.0.3325.181 Safari/537.36',
  'accept' => 'text/html,application/xhtml+xml,application/xml;q=0.9,image/webp,image/apng,*/*;q=0.8',
  'accept-encoding' => 'gzip, deflate, br',
  'accept-language' => 'zh-CN,zh;q=0.9,en;q=0.8',
  'cookie' => '_ga=GA1.1.146608984.1514531436; pgv_pvi=1200644096; vip=0; phone=16688886666; SL_G_WPT_TO=zh-CN; SL_GWPT_Show_Hide_tmp=undefined; SL_wptGlobTipTmp=undefined',
)
[ info ] [ PARAM ] array (
)
[ info ] [ RUN ] app\index\controller\Index->show[ D:\phpStudy\WWW\cygw\application\index\controller\Index.php ]
[ info ] [ DB ] INIT mysql
[ info ] [ VIEW ] D:\phpStudy\WWW\cygw\public/../application/index\view\index\show.html [ array (
  0 => 'notice',
) ]
[ info ] [ LOG ] INIT File
[ sql ] [ DB ] CONNECT:[ UseTime:0.003000s ] mysql:host=127.0.0.1;dbname=college;charset=utf8
[ sql ] [ SQL ] SHOW COLUMNS FROM `notice` [ RunTime:0.006000s ]
[ sql ] [ SQL ] SELECT * FROM `notice` WHERE  `id` >= 1 [ RunTime:0.001000s ]
---------------------------------------------------------------
[ 2018-04-12T22:54:32+08:00 ] 0.0.0.0 GET /cygw/public/index/index/show
[ info ] localhost:9096/cygw/public/index/index/show [运行时间：0.065004s][吞吐率：15.38req/s] [内存消耗：2,865.45kb] [文件加载：58]
[ info ] [ LANG ] D:\phpStudy\WWW\cygw\thinkphp\lang\zh-cn.php
[ info ] [ ROUTE ] array (
  'type' => 'module',
  'module' => 
  array (
    0 => 'index',
    1 => 'index',
    2 => 'show',
  ),
)
[ info ] [ HEADER ] array (
  'host' => 'localhost:9096',
  'connection' => 'keep-alive',
  'cache-control' => 'max-age=0',
  'upgrade-insecure-requests' => '1',
  'user-agent' => 'Mozilla/5.0 (Windows NT 6.1; Win64; x64) AppleWebKit/537.36 (KHTML, like Gecko) Chrome/65.0.3325.181 Safari/537.36',
  'accept' => 'text/html,application/xhtml+xml,application/xml;q=0.9,image/webp,image/apng,*/*;q=0.8',
  'accept-encoding' => 'gzip, deflate, br',
  'accept-language' => 'zh-CN,zh;q=0.9,en;q=0.8',
  'cookie' => '_ga=GA1.1.146608984.1514531436; pgv_pvi=1200644096; vip=0; phone=16688886666; SL_G_WPT_TO=zh-CN; SL_GWPT_Show_Hide_tmp=undefined; SL_wptGlobTipTmp=undefined',
)
[ info ] [ PARAM ] array (
)
[ info ] [ RUN ] app\index\controller\Index->show[ D:\phpStudy\WWW\cygw\application\index\controller\Index.php ]
[ info ] [ DB ] INIT mysql
[ info ] [ VIEW ] D:\phpStudy\WWW\cygw\public/../application/index\view\index\show.html [ array (
  0 => 'notice',
) ]
[ info ] [ LOG ] INIT File
[ sql ] [ DB ] CONNECT:[ UseTime:0.001000s ] mysql:host=127.0.0.1;dbname=college;charset=utf8
[ sql ] [ SQL ] SHOW COLUMNS FROM `notice` [ RunTime:0.006000s ]
[ sql ] [ SQL ] SELECT * FROM `notice` WHERE  `id` >= 1 [ RunTime:0.001000s ]
[ error ] [8]未定义变量: noticer[D:\phpStudy\WWW\cygw\runtime\temp\541eed440c9221f4f3f39543ab33eb39.php:19]
---------------------------------------------------------------
[ 2018-04-12T22:54:58+08:00 ] 0.0.0.0 GET /cygw/public/index/index/show
[ info ] localhost:9096/cygw/public/index/index/show [运行时间：0.066003s][吞吐率：15.15req/s] [内存消耗：2,855.21kb] [文件加载：58]
[ info ] [ LANG ] D:\phpStudy\WWW\cygw\thinkphp\lang\zh-cn.php
[ info ] [ ROUTE ] array (
  'type' => 'module',
  'module' => 
  array (
    0 => 'index',
    1 => 'index',
    2 => 'show',
  ),
)
[ info ] [ HEADER ] array (
  'host' => 'localhost:9096',
  'connection' => 'keep-alive',
  'cache-control' => 'max-age=0',
  'upgrade-insecure-requests' => '1',
  'user-agent' => 'Mozilla/5.0 (Windows NT 6.1; Win64; x64) AppleWebKit/537.36 (KHTML, like Gecko) Chrome/65.0.3325.181 Safari/537.36',
  'accept' => 'text/html,application/xhtml+xml,application/xml;q=0.9,image/webp,image/apng,*/*;q=0.8',
  'accept-encoding' => 'gzip, deflate, br',
  'accept-language' => 'zh-CN,zh;q=0.9,en;q=0.8',
  'cookie' => '_ga=GA1.1.146608984.1514531436; pgv_pvi=1200644096; vip=0; phone=16688886666; SL_G_WPT_TO=zh-CN; SL_GWPT_Show_Hide_tmp=undefined; SL_wptGlobTipTmp=undefined',
)
[ info ] [ PARAM ] array (
)
[ info ] [ RUN ] app\index\controller\Index->show[ D:\phpStudy\WWW\cygw\application\index\controller\Index.php ]
[ info ] [ DB ] INIT mysql
[ info ] [ VIEW ] D:\phpStudy\WWW\cygw\public/../application/index\view\index\show.html [ array (
  0 => 'noticer',
) ]
[ info ] [ LOG ] INIT File
[ sql ] [ DB ] CONNECT:[ UseTime:0.002000s ] mysql:host=127.0.0.1;dbname=college;charset=utf8
[ sql ] [ SQL ] SHOW COLUMNS FROM `notice` [ RunTime:0.006001s ]
[ sql ] [ SQL ] SELECT * FROM `notice` WHERE  `id` >= 1 [ RunTime:0.000000s ]
[ error ] [8]未定义变量: notice[D:\phpStudy\WWW\cygw\runtime\temp\541eed440c9221f4f3f39543ab33eb39.php:19]
---------------------------------------------------------------
[ 2018-04-12T22:55:39+08:00 ] 0.0.0.0 GET /cygw/public/index/index/show
[ info ] localhost:9096/cygw/public/index/index/show [运行时间：0.070004s][吞吐率：14.28req/s] [内存消耗：2,716.87kb] [文件加载：56]
[ info ] [ LANG ] D:\phpStudy\WWW\cygw\thinkphp\lang\zh-cn.php
[ info ] [ ROUTE ] array (
  'type' => 'module',
  'module' => 
  array (
    0 => 'index',
    1 => 'index',
    2 => 'show',
  ),
)
[ info ] [ HEADER ] array (
  'host' => 'localhost:9096',
  'connection' => 'keep-alive',
  'cache-control' => 'max-age=0',
  'upgrade-insecure-requests' => '1',
  'user-agent' => 'Mozilla/5.0 (Windows NT 6.1; Win64; x64) AppleWebKit/537.36 (KHTML, like Gecko) Chrome/65.0.3325.181 Safari/537.36',
  'accept' => 'text/html,application/xhtml+xml,application/xml;q=0.9,image/webp,image/apng,*/*;q=0.8',
  'accept-encoding' => 'gzip, deflate, br',
  'accept-language' => 'zh-CN,zh;q=0.9,en;q=0.8',
  'cookie' => '_ga=GA1.1.146608984.1514531436; pgv_pvi=1200644096; vip=0; phone=16688886666; SL_G_WPT_TO=zh-CN; SL_GWPT_Show_Hide_tmp=undefined; SL_wptGlobTipTmp=undefined',
)
[ info ] [ PARAM ] array (
)
[ info ] [ RUN ] app\index\controller\Index->show[ D:\phpStudy\WWW\cygw\application\index\controller\Index.php ]
[ info ] [ DB ] INIT mysql
[ info ] [ VIEW ] D:\phpStudy\WWW\cygw\public/../application/index\view\index\show.html [ array (
  0 => 'noticer',
) ]
[ info ] [ LOG ] INIT File
[ sql ] [ DB ] CONNECT:[ UseTime:0.003000s ] mysql:host=127.0.0.1;dbname=college;charset=utf8
[ sql ] [ SQL ] SHOW COLUMNS FROM `notice` [ RunTime:0.005001s ]
[ sql ] [ SQL ] SELECT * FROM `notice` WHERE  `id` >= 1 [ RunTime:0.000000s ]
[ error ] [8]未定义变量: notice[D:\phpStudy\WWW\cygw\runtime\temp\541eed440c9221f4f3f39543ab33eb39.php:19]
---------------------------------------------------------------
[ 2018-04-12T22:56:18+08:00 ] 0.0.0.0 GET /cygw/public/index/index/show
[ info ] localhost:9096/cygw/public/index/index/show [运行时间：0.092005s][吞吐率：10.87req/s] [内存消耗：2,854.80kb] [文件加载：58]
[ info ] [ LANG ] D:\phpStudy\WWW\cygw\thinkphp\lang\zh-cn.php
[ info ] [ ROUTE ] array (
  'type' => 'module',
  'module' => 
  array (
    0 => 'index',
    1 => 'index',
    2 => 'show',
  ),
)
[ info ] [ HEADER ] array (
  'host' => 'localhost:9096',
  'connection' => 'keep-alive',
  'cache-control' => 'max-age=0',
  'upgrade-insecure-requests' => '1',
  'user-agent' => 'Mozilla/5.0 (Windows NT 6.1; Win64; x64) AppleWebKit/537.36 (KHTML, like Gecko) Chrome/65.0.3325.181 Safari/537.36',
  'accept' => 'text/html,application/xhtml+xml,application/xml;q=0.9,image/webp,image/apng,*/*;q=0.8',
  'accept-encoding' => 'gzip, deflate, br',
  'accept-language' => 'zh-CN,zh;q=0.9,en;q=0.8',
  'cookie' => '_ga=GA1.1.146608984.1514531436; pgv_pvi=1200644096; vip=0; phone=16688886666; SL_G_WPT_TO=zh-CN; SL_GWPT_Show_Hide_tmp=undefined; SL_wptGlobTipTmp=undefined',
)
[ info ] [ PARAM ] array (
)
[ info ] [ RUN ] app\index\controller\Index->show[ D:\phpStudy\WWW\cygw\application\index\controller\Index.php ]
[ info ] [ DB ] INIT mysql
[ info ] [ VIEW ] D:\phpStudy\WWW\cygw\public/../application/index\view\index\show.html [ array (
) ]
[ info ] [ LOG ] INIT File
[ sql ] [ DB ] CONNECT:[ UseTime:0.002000s ] mysql:host=127.0.0.1;dbname=college;charset=utf8
[ sql ] [ SQL ] SHOW COLUMNS FROM `notice` [ RunTime:0.007000s ]
[ sql ] [ SQL ] SELECT * FROM `notice` WHERE  `id` >= 1 [ RunTime:0.001000s ]
[ error ] [8]未定义变量: notice[D:\phpStudy\WWW\cygw\runtime\temp\541eed440c9221f4f3f39543ab33eb39.php:19]
---------------------------------------------------------------
[ 2018-04-12T22:56:35+08:00 ] 0.0.0.0 GET /cygw/public/index/index/show
[ info ] localhost:9096/cygw/public/index/index/show [运行时间：0.054003s][吞吐率：18.52req/s] [内存消耗：2,716.30kb] [文件加载：56]
[ info ] [ LANG ] D:\phpStudy\WWW\cygw\thinkphp\lang\zh-cn.php
[ info ] [ ROUTE ] array (
  'type' => 'module',
  'module' => 
  array (
    0 => 'index',
    1 => 'index',
    2 => 'show',
  ),
)
[ info ] [ HEADER ] array (
  'host' => 'localhost:9096',
  'connection' => 'keep-alive',
  'cache-control' => 'max-age=0',
  'upgrade-insecure-requests' => '1',
  'user-agent' => 'Mozilla/5.0 (Windows NT 6.1; Win64; x64) AppleWebKit/537.36 (KHTML, like Gecko) Chrome/65.0.3325.181 Safari/537.36',
  'accept' => 'text/html,application/xhtml+xml,application/xml;q=0.9,image/webp,image/apng,*/*;q=0.8',
  'accept-encoding' => 'gzip, deflate, br',
  'accept-language' => 'zh-CN,zh;q=0.9,en;q=0.8',
  'cookie' => '_ga=GA1.1.146608984.1514531436; pgv_pvi=1200644096; vip=0; phone=16688886666; SL_G_WPT_TO=zh-CN; SL_GWPT_Show_Hide_tmp=undefined; SL_wptGlobTipTmp=undefined',
)
[ info ] [ PARAM ] array (
)
[ info ] [ RUN ] app\index\controller\Index->show[ D:\phpStudy\WWW\cygw\application\index\controller\Index.php ]
[ info ] [ DB ] INIT mysql
[ info ] [ VIEW ] D:\phpStudy\WWW\cygw\public/../application/index\view\index\show.html [ array (
) ]
[ info ] [ LOG ] INIT File
[ sql ] [ DB ] CONNECT:[ UseTime:0.002000s ] mysql:host=127.0.0.1;dbname=college;charset=utf8
[ sql ] [ SQL ] SHOW COLUMNS FROM `notice` [ RunTime:0.006000s ]
[ sql ] [ SQL ] SELECT * FROM `notice` WHERE  `id` >= 1 [ RunTime:0.001000s ]
[ error ] [8]未定义变量: notice[D:\phpStudy\WWW\cygw\runtime\temp\541eed440c9221f4f3f39543ab33eb39.php:19]
---------------------------------------------------------------
[ 2018-04-12T22:58:49+08:00 ] 0.0.0.0 GET /cygw/public/index/index/show
[ info ] localhost:9096/cygw/public/index/index/show [运行时间：0.057003s][吞吐率：17.54req/s] [内存消耗：1,642.80kb] [文件加载：46]
[ info ] [ LANG ] D:\phpStudy\WWW\cygw\thinkphp\lang\zh-cn.php
[ info ] [ ROUTE ] array (
  'type' => 'module',
  'module' => 
  array (
    0 => 'index',
    1 => 'index',
    2 => 'show',
  ),
)
[ info ] [ HEADER ] array (
  'host' => 'localhost:9096',
  'connection' => 'keep-alive',
  'cache-control' => 'max-age=0',
  'upgrade-insecure-requests' => '1',
  'user-agent' => 'Mozilla/5.0 (Windows NT 6.1; Win64; x64) AppleWebKit/537.36 (KHTML, like Gecko) Chrome/65.0.3325.181 Safari/537.36',
  'accept' => 'text/html,application/xhtml+xml,application/xml;q=0.9,image/webp,image/apng,*/*;q=0.8',
  'accept-encoding' => 'gzip, deflate, br',
  'accept-language' => 'zh-CN,zh;q=0.9,en;q=0.8',
  'cookie' => '_ga=GA1.1.146608984.1514531436; pgv_pvi=1200644096; vip=0; phone=16688886666; SL_G_WPT_TO=zh-CN; SL_GWPT_Show_Hide_tmp=undefined; SL_wptGlobTipTmp=undefined',
)
[ info ] [ PARAM ] array (
)
[ info ] [ RUN ] app\index\controller\Index->show[ D:\phpStudy\WWW\cygw\application\index\controller\Index.php ]
[ info ] [ LOG ] INIT File
[ error ] [4]语法错误: unexpected '}'[D:\phpStudy\WWW\cygw\application\admin\model\Notice.php:40]
---------------------------------------------------------------
[ 2018-04-12T22:59:04+08:00 ] 0.0.0.0 GET /cygw/public/index/index/show
[ info ] localhost:9096/cygw/public/index/index/show [运行时间：0.064003s][吞吐率：15.62req/s] [内存消耗：2,716.84kb] [文件加载：56]
[ info ] [ LANG ] D:\phpStudy\WWW\cygw\thinkphp\lang\zh-cn.php
[ info ] [ ROUTE ] array (
  'type' => 'module',
  'module' => 
  array (
    0 => 'index',
    1 => 'index',
    2 => 'show',
  ),
)
[ info ] [ HEADER ] array (
  'host' => 'localhost:9096',
  'connection' => 'keep-alive',
  'cache-control' => 'max-age=0',
  'upgrade-insecure-requests' => '1',
  'user-agent' => 'Mozilla/5.0 (Windows NT 6.1; Win64; x64) AppleWebKit/537.36 (KHTML, like Gecko) Chrome/65.0.3325.181 Safari/537.36',
  'accept' => 'text/html,application/xhtml+xml,application/xml;q=0.9,image/webp,image/apng,*/*;q=0.8',
  'accept-encoding' => 'gzip, deflate, br',
  'accept-language' => 'zh-CN,zh;q=0.9,en;q=0.8',
  'cookie' => '_ga=GA1.1.146608984.1514531436; pgv_pvi=1200644096; vip=0; phone=16688886666; SL_G_WPT_TO=zh-CN; SL_GWPT_Show_Hide_tmp=undefined; SL_wptGlobTipTmp=undefined',
)
[ info ] [ PARAM ] array (
)
[ info ] [ RUN ] app\index\controller\Index->show[ D:\phpStudy\WWW\cygw\application\index\controller\Index.php ]
[ info ] [ DB ] INIT mysql
[ info ] [ VIEW ] D:\phpStudy\WWW\cygw\public/../application/index\view\index\show.html [ array (
  0 => 'noticer',
) ]
[ info ] [ LOG ] INIT File
[ sql ] [ DB ] CONNECT:[ UseTime:0.002001s ] mysql:host=127.0.0.1;dbname=college;charset=utf8
[ sql ] [ SQL ] SHOW COLUMNS FROM `notice` [ RunTime:0.006000s ]
[ sql ] [ SQL ] SELECT * FROM `notice` [ RunTime:0.001000s ]
[ error ] [8]未定义变量: notice[D:\phpStudy\WWW\cygw\runtime\temp\541eed440c9221f4f3f39543ab33eb39.php:19]
---------------------------------------------------------------
[ 2018-04-12T22:59:47+08:00 ] 0.0.0.0 GET /cygw/public/index/index/show
[ info ] localhost:9096/cygw/public/index/index/show [运行时间：0.058003s][吞吐率：17.24req/s] [内存消耗：2,671.66kb] [文件加载：52]
[ info ] [ LANG ] D:\phpStudy\WWW\cygw\thinkphp\lang\zh-cn.php
[ info ] [ ROUTE ] array (
  'type' => 'module',
  'module' => 
  array (
    0 => 'index',
    1 => 'index',
    2 => 'show',
  ),
)
[ info ] [ HEADER ] array (
  'host' => 'localhost:9096',
  'connection' => 'keep-alive',
  'cache-control' => 'max-age=0',
  'upgrade-insecure-requests' => '1',
  'user-agent' => 'Mozilla/5.0 (Windows NT 6.1; Win64; x64) AppleWebKit/537.36 (KHTML, like Gecko) Chrome/65.0.3325.181 Safari/537.36',
  'accept' => 'text/html,application/xhtml+xml,application/xml;q=0.9,image/webp,image/apng,*/*;q=0.8',
  'accept-encoding' => 'gzip, deflate, br',
  'accept-language' => 'zh-CN,zh;q=0.9,en;q=0.8',
  'cookie' => '_ga=GA1.1.146608984.1514531436; pgv_pvi=1200644096; vip=0; phone=16688886666; SL_G_WPT_TO=zh-CN; SL_GWPT_Show_Hide_tmp=undefined; SL_wptGlobTipTmp=undefined',
)
[ info ] [ PARAM ] array (
)
[ info ] [ RUN ] app\index\controller\Index->show[ D:\phpStudy\WWW\cygw\application\index\controller\Index.php ]
[ info ] [ DB ] INIT mysql
[ info ] [ VIEW ] D:\phpStudy\WWW\cygw\public/../application/index\view\index\show.html [ array (
  0 => 'notice',
) ]
[ info ] [ LOG ] INIT File
[ sql ] [ DB ] CONNECT:[ UseTime:0.002000s ] mysql:host=127.0.0.1;dbname=college;charset=utf8
[ sql ] [ SQL ] SHOW COLUMNS FROM `notice` [ RunTime:0.006000s ]
[ sql ] [ SQL ] SELECT * FROM `notice` [ RunTime:0.001000s ]
